E:\github\sceneEdit\Laya3D\laya153d\laya153d\jsbin\pan3dinit\mainpan3d.js
E:\github\sceneEdit\Laya3D\laya153d\laya153d\jsbin\pan3dinit\mainpan3d.js.map
E:\github\sceneEdit\Laya3D\laya153d\laya153d\jsbin\pan3dinit\scene2d\AppDataArpg.js
E:\github\sceneEdit\Laya3D\laya153d\laya153d\jsbin\pan3dinit\scene2d\AppDataArpg.js.map
E:\github\sceneEdit\Laya3D\laya153d\laya153d\jsbin\pan3dinit\scene2d\CanvasPostionModel.js
E:\github\sceneEdit\Laya3D\laya153d\laya153d\jsbin\pan3dinit\scene2d\CanvasPostionModel.js.map
E:\github\sceneEdit\Laya3D\laya153d\laya153d\jsbin\pan3dinit\scene2d\GroundModel.js
E:\github\sceneEdit\Laya3D\laya153d\laya153d\jsbin\pan3dinit\scene2d\GroundModel.js.map
E:\github\sceneEdit\Laya3D\laya153d\laya153d\jsbin\pan3dinit\scene2d\override2d\Override2dEngine.js
E:\github\sceneEdit\Laya3D\laya153d\laya153d\jsbin\pan3dinit\scene2d\override2d\Override2dEngine.js.map
E:\github\sceneEdit\Laya3D\laya153d\laya153d\jsbin\pan3dinit\scene2d\override2d\Override2dSceneManager.js
E:\github\sceneEdit\Laya3D\laya153d\laya153d\jsbin\pan3dinit\scene2d\override2d\Override2dSceneManager.js.map
E:\github\sceneEdit\Laya3D\laya153d\laya153d\jsbin\pan3dinit\scene2d\Scene2dChar.js
E:\github\sceneEdit\Laya3D\laya153d\laya153d\jsbin\pan3dinit\scene2d\Scene2dChar.js.map
E:\github\sceneEdit\Laya3D\laya153d\laya153d\jsbin\pan3dinit\scene2d\Scene2dInit.js
E:\github\sceneEdit\Laya3D\laya153d\laya153d\jsbin\pan3dinit\scene2d\Scene2dInit.js.map
E:\github\sceneEdit\Laya3D\laya153d\laya153d\jsbin\pan3dinit\scene3d\override\OverrideBloodManager.js
E:\github\sceneEdit\Laya3D\laya153d\laya153d\jsbin\pan3dinit\scene3d\override\OverrideBloodManager.js.map
E:\github\sceneEdit\Laya3D\laya153d\laya153d\jsbin\pan3dinit\scene3d\override\OverrideEngine.js
E:\github\sceneEdit\Laya3D\laya153d\laya153d\jsbin\pan3dinit\scene3d\override\OverrideEngine.js.map
E:\github\sceneEdit\Laya3D\laya153d\laya153d\jsbin\pan3dinit\scene3d\override\OverrideSceneManager.js
E:\github\sceneEdit\Laya3D\laya153d\laya153d\jsbin\pan3dinit\scene3d\override\OverrideSceneManager.js.map
E:\github\sceneEdit\Laya3D\laya153d\laya153d\jsbin\pan3dinit\scene3d\Scene3dInit.js
E:\github\sceneEdit\Laya3D\laya153d\laya153d\jsbin\pan3dinit\scene3d\Scene3dInit.js.map
E:\github\sceneEdit\Laya3D\laya153d\laya153d\jsbin\pan3dinit\scenedis\CharModelShow.js
E:\github\sceneEdit\Laya3D\laya153d\laya153d\jsbin\pan3dinit\scenedis\CharModelShow.js.map
E:\github\sceneEdit\Laya3D\laya153d\laya153d\jsbin\pan3dinit\scenedis\CharSkillPlayModel.js
E:\github\sceneEdit\Laya3D\laya153d\laya153d\jsbin\pan3dinit\scenedis\CharSkillPlayModel.js.map
E:\github\sceneEdit\Laya3D\laya153d\laya153d\jsbin\pan3dinit\scenedis\ModelSceneChar.js
E:\github\sceneEdit\Laya3D\laya153d\laya153d\jsbin\pan3dinit\scenedis\ModelSceneChar.js.map
E:\github\sceneEdit\Laya3D\laya153d\laya153d\jsbin\pan3dinit\scenedis\ModelshowMouseManager.js
E:\github\sceneEdit\Laya3D\laya153d\laya153d\jsbin\pan3dinit\scenedis\ModelshowMouseManager.js.map
E:\github\sceneEdit\Laya3D\laya153d\laya153d\jsbin\pan3dinit\scenedis\SceneMouseEventModel.js
E:\github\sceneEdit\Laya3D\laya153d\laya153d\jsbin\pan3dinit\scenedis\SceneMouseEventModel.js.map
E:\github\sceneEdit\Laya3D\laya153d\laya153d\jsbin\pan3dinit\scenedis\SkillSceneChar.js
E:\github\sceneEdit\Laya3D\laya153d\laya153d\jsbin\pan3dinit\scenedis\SkillSceneChar.js.map
E:\github\sceneEdit\Laya3D\laya153d\laya153d\jsbin\pan3d\baseprite\BaseProcessor.js
E:\github\sceneEdit\Laya3D\laya153d\laya153d\jsbin\pan3d\baseprite\BaseProcessor.js.map
E:\github\sceneEdit\Laya3D\laya153d\laya153d\jsbin\pan3d\baseprite\CharAction.js
E:\github\sceneEdit\Laya3D\laya153d\laya153d\jsbin\pan3d\baseprite\CharAction.js.map
E:\github\sceneEdit\Laya3D\laya153d\laya153d\jsbin\pan3d\baseprite\GameInstance.js
E:\github\sceneEdit\Laya3D\laya153d\laya153d\jsbin\pan3d\baseprite\GameInstance.js.map
E:\github\sceneEdit\Laya3D\laya153d\laya153d\jsbin\pan3d\baseprite\GameMouseManager.js
E:\github\sceneEdit\Laya3D\laya153d\laya153d\jsbin\pan3d\baseprite\GameMouseManager.js.map
E:\github\sceneEdit\Laya3D\laya153d\laya153d\jsbin\pan3d\baseprite\GameStart.js
E:\github\sceneEdit\Laya3D\laya153d\laya153d\jsbin\pan3d\baseprite\GameStart.js.map
E:\github\sceneEdit\Laya3D\laya153d\laya153d\jsbin\pan3d\baseprite\MountChar.js
E:\github\sceneEdit\Laya3D\laya153d\laya153d\jsbin\pan3d\baseprite\MountChar.js.map
E:\github\sceneEdit\Laya3D\laya153d\laya153d\jsbin\pan3d\baseprite\SceneBaseChar.js
E:\github\sceneEdit\Laya3D\laya153d\laya153d\jsbin\pan3d\baseprite\SceneBaseChar.js.map
E:\github\sceneEdit\Laya3D\laya153d\laya153d\jsbin\pan3d\baseprite\SceneChar.js
E:\github\sceneEdit\Laya3D\laya153d\laya153d\jsbin\pan3d\baseprite\SceneChar.js.map
E:\github\sceneEdit\Laya3D\laya153d\laya153d\jsbin\pan3d\baseprite\Unit.js
E:\github\sceneEdit\Laya3D\laya153d\laya153d\jsbin\pan3d\baseprite\Unit.js.map
E:\github\sceneEdit\Laya3D\laya153d\laya153d\jsbin\pan3d\engine\base\BitMapData.js
E:\github\sceneEdit\Laya3D\laya153d\laya153d\jsbin\pan3d\engine\base\BitMapData.js.map
E:\github\sceneEdit\Laya3D\laya153d\laya153d\jsbin\pan3d\engine\base\Camera3D.js
E:\github\sceneEdit\Laya3D\laya153d\laya153d\jsbin\pan3d\engine\base\Camera3D.js.map
E:\github\sceneEdit\Laya3D\laya153d\laya153d\jsbin\pan3d\engine\base\ColorType.js
E:\github\sceneEdit\Laya3D\laya153d\laya153d\jsbin\pan3d\engine\base\ColorType.js.map
E:\github\sceneEdit\Laya3D\laya153d\laya153d\jsbin\pan3d\engine\base\Dictionary.js
E:\github\sceneEdit\Laya3D\laya153d\laya153d\jsbin\pan3d\engine\base\Dictionary.js.map
E:\github\sceneEdit\Laya3D\laya153d\laya153d\jsbin\pan3d\engine\base\GC.js
E:\github\sceneEdit\Laya3D\laya153d\laya153d\jsbin\pan3d\engine\base\GC.js.map
E:\github\sceneEdit\Laya3D\laya153d\laya153d\jsbin\pan3d\engine\base\MeshData.js
E:\github\sceneEdit\Laya3D\laya153d\laya153d\jsbin\pan3d\engine\base\MeshData.js.map
E:\github\sceneEdit\Laya3D\laya153d\laya153d\jsbin\pan3d\engine\base\ObjData.js
E:\github\sceneEdit\Laya3D\laya153d\laya153d\jsbin\pan3d\engine\base\ObjData.js.map
E:\github\sceneEdit\Laya3D\laya153d\laya153d\jsbin\pan3d\engine\base\Object3D.js
E:\github\sceneEdit\Laya3D\laya153d\laya153d\jsbin\pan3d\engine\base\Object3D.js.map
E:\github\sceneEdit\Laya3D\laya153d\laya153d\jsbin\pan3d\engine\base\ResCount.js
E:\github\sceneEdit\Laya3D\laya153d\laya153d\jsbin\pan3d\engine\base\ResCount.js.map
E:\github\sceneEdit\Laya3D\laya153d\laya153d\jsbin\pan3d\engine\base\ResGC.js
E:\github\sceneEdit\Laya3D\laya153d\laya153d\jsbin\pan3d\engine\base\ResGC.js.map
E:\github\sceneEdit\Laya3D\laya153d\laya153d\jsbin\pan3d\engine\context\Context3D.js
E:\github\sceneEdit\Laya3D\laya153d\laya153d\jsbin\pan3d\engine\context\Context3D.js.map
E:\github\sceneEdit\Laya3D\laya153d\laya153d\jsbin\pan3d\engine\context\Scene_data.js
E:\github\sceneEdit\Laya3D\laya153d\laya153d\jsbin\pan3d\engine\context\Scene_data.js.map
E:\github\sceneEdit\Laya3D\laya153d\laya153d\jsbin\pan3d\engine\display3D\BaseDiplay3dSprite.js
E:\github\sceneEdit\Laya3D\laya153d\laya153d\jsbin\pan3d\engine\display3D\BaseDiplay3dSprite.js.map
E:\github\sceneEdit\Laya3D\laya153d\laya153d\jsbin\pan3d\engine\display3D\Display2dMovie.js
E:\github\sceneEdit\Laya3D\laya153d\laya153d\jsbin\pan3d\engine\display3D\Display2dMovie.js.map
E:\github\sceneEdit\Laya3D\laya153d\laya153d\jsbin\pan3d\engine\display3D\Display2DSprite.js
E:\github\sceneEdit\Laya3D\laya153d\laya153d\jsbin\pan3d\engine\display3D\Display2DSprite.js.map
E:\github\sceneEdit\Laya3D\laya153d\laya153d\jsbin\pan3d\engine\display3D\Display3D.js
E:\github\sceneEdit\Laya3D\laya153d\laya153d\jsbin\pan3d\engine\display3D\Display3D.js.map
E:\github\sceneEdit\Laya3D\laya153d\laya153d\jsbin\pan3d\engine\display3D\Display3dBatchMovie.js
E:\github\sceneEdit\Laya3D\laya153d\laya153d\jsbin\pan3d\engine\display3D\Display3dBatchMovie.js.map
E:\github\sceneEdit\Laya3D\laya153d\laya153d\jsbin\pan3d\engine\display3D\Display3dBg.js
E:\github\sceneEdit\Laya3D\laya153d\laya153d\jsbin\pan3d\engine\display3D\Display3dBg.js.map
E:\github\sceneEdit\Laya3D\laya153d\laya153d\jsbin\pan3d\engine\display3D\Display3dMovie.js
E:\github\sceneEdit\Laya3D\laya153d\laya153d\jsbin\pan3d\engine\display3D\Display3dMovie.js.map
E:\github\sceneEdit\Laya3D\laya153d\laya153d\jsbin\pan3d\engine\display3D\Display3dShadow.js
E:\github\sceneEdit\Laya3D\laya153d\laya153d\jsbin\pan3d\engine\display3D\Display3dShadow.js.map
E:\github\sceneEdit\Laya3D\laya153d\laya153d\jsbin\pan3d\engine\display3D\Display3DSky.js
E:\github\sceneEdit\Laya3D\laya153d\laya153d\jsbin\pan3d\engine\display3D\Display3DSky.js.map
E:\github\sceneEdit\Laya3D\laya153d\laya153d\jsbin\pan3d\engine\display3D\Display3DSprite.js
E:\github\sceneEdit\Laya3D\laya153d\laya153d\jsbin\pan3d\engine\display3D\Display3DSprite.js.map
E:\github\sceneEdit\Laya3D\laya153d\laya153d\jsbin\pan3d\engine\display3D\Display3DUISprite.js
E:\github\sceneEdit\Laya3D\laya153d\laya153d\jsbin\pan3d\engine\display3D\Display3DUISprite.js.map
E:\github\sceneEdit\Laya3D\laya153d\laya153d\jsbin\pan3d\engine\display3D\interfaces\IBind.js
E:\github\sceneEdit\Laya3D\laya153d\laya153d\jsbin\pan3d\engine\display3D\interfaces\IBind.js.map
E:\github\sceneEdit\Laya3D\laya153d\laya153d\jsbin\pan3d\engine\display3D\terrain\TerrainDisplay3DSprite.js
E:\github\sceneEdit\Laya3D\laya153d\laya153d\jsbin\pan3d\engine\display3D\terrain\TerrainDisplay3DSprite.js.map
E:\github\sceneEdit\Laya3D\laya153d\laya153d\jsbin\pan3d\engine\Engine.js
E:\github\sceneEdit\Laya3D\laya153d\laya153d\jsbin\pan3d\engine\Engine.js.map
E:\github\sceneEdit\Laya3D\laya153d\laya153d\jsbin\pan3d\engine\events\Event.js
E:\github\sceneEdit\Laya3D\laya153d\laya153d\jsbin\pan3d\engine\events\Event.js.map
E:\github\sceneEdit\Laya3D\laya153d\laya153d\jsbin\pan3d\engine\events\EventDispatcher.js
E:\github\sceneEdit\Laya3D\laya153d\laya153d\jsbin\pan3d\engine\events\EventDispatcher.js.map
E:\github\sceneEdit\Laya3D\laya153d\laya153d\jsbin\pan3d\engine\FpsStage.js
E:\github\sceneEdit\Laya3D\laya153d\laya153d\jsbin\pan3d\engine\FpsStage.js.map
E:\github\sceneEdit\Laya3D\laya153d\laya153d\jsbin\pan3d\engine\material\ConstItem.js
E:\github\sceneEdit\Laya3D\laya153d\laya153d\jsbin\pan3d\engine\material\ConstItem.js.map
E:\github\sceneEdit\Laya3D\laya153d\laya153d\jsbin\pan3d\engine\material\DynamicBaseConstItem.js
E:\github\sceneEdit\Laya3D\laya153d\laya153d\jsbin\pan3d\engine\material\DynamicBaseConstItem.js.map
E:\github\sceneEdit\Laya3D\laya153d\laya153d\jsbin\pan3d\engine\material\DynamicBaseTexItem.js
E:\github\sceneEdit\Laya3D\laya153d\laya153d\jsbin\pan3d\engine\material\DynamicBaseTexItem.js.map
E:\github\sceneEdit\Laya3D\laya153d\laya153d\jsbin\pan3d\engine\material\DynamicConstItem.js
E:\github\sceneEdit\Laya3D\laya153d\laya153d\jsbin\pan3d\engine\material\DynamicConstItem.js.map
E:\github\sceneEdit\Laya3D\laya153d\laya153d\jsbin\pan3d\engine\material\DynamicTexItem.js
E:\github\sceneEdit\Laya3D\laya153d\laya153d\jsbin\pan3d\engine\material\DynamicTexItem.js.map
E:\github\sceneEdit\Laya3D\laya153d\laya153d\jsbin\pan3d\engine\material\Material.js
E:\github\sceneEdit\Laya3D\laya153d\laya153d\jsbin\pan3d\engine\material\Material.js.map
E:\github\sceneEdit\Laya3D\laya153d\laya153d\jsbin\pan3d\engine\material\MaterialBaseParam.js
E:\github\sceneEdit\Laya3D\laya153d\laya153d\jsbin\pan3d\engine\material\MaterialBaseParam.js.map
E:\github\sceneEdit\Laya3D\laya153d\laya153d\jsbin\pan3d\engine\material\MaterialManager.js
E:\github\sceneEdit\Laya3D\laya153d\laya153d\jsbin\pan3d\engine\material\MaterialManager.js.map
E:\github\sceneEdit\Laya3D\laya153d\laya153d\jsbin\pan3d\engine\material\MaterialParam.js
E:\github\sceneEdit\Laya3D\laya153d\laya153d\jsbin\pan3d\engine\material\MaterialParam.js.map
E:\github\sceneEdit\Laya3D\laya153d\laya153d\jsbin\pan3d\engine\material\TexItem.js
E:\github\sceneEdit\Laya3D\laya153d\laya153d\jsbin\pan3d\engine\material\TexItem.js.map
E:\github\sceneEdit\Laya3D\laya153d\laya153d\jsbin\pan3d\engine\material\TextureCube.js
E:\github\sceneEdit\Laya3D\laya153d\laya153d\jsbin\pan3d\engine\material\TextureCube.js.map
E:\github\sceneEdit\Laya3D\laya153d\laya153d\jsbin\pan3d\engine\material\TextureManager.js
E:\github\sceneEdit\Laya3D\laya153d\laya153d\jsbin\pan3d\engine\material\TextureManager.js.map
E:\github\sceneEdit\Laya3D\laya153d\laya153d\jsbin\pan3d\engine\material\TextureRes.js
E:\github\sceneEdit\Laya3D\laya153d\laya153d\jsbin\pan3d\engine\material\TextureRes.js.map
E:\github\sceneEdit\Laya3D\laya153d\laya153d\jsbin\pan3d\engine\math\Pan3dByteArray.js
E:\github\sceneEdit\Laya3D\laya153d\laya153d\jsbin\pan3d\engine\math\Pan3dByteArray.js.map
E:\github\sceneEdit\Laya3D\laya153d\laya153d\jsbin\pan3d\engine\math\Calculation.js
E:\github\sceneEdit\Laya3D\laya153d\laya153d\jsbin\pan3d\engine\math\Calculation.js.map
E:\github\sceneEdit\Laya3D\laya153d\laya153d\jsbin\pan3d\engine\math\Circle.js
E:\github\sceneEdit\Laya3D\laya153d\laya153d\jsbin\pan3d\engine\math\Circle.js.map
E:\github\sceneEdit\Laya3D\laya153d\laya153d\jsbin\pan3d\engine\math\Groundposition.js
E:\github\sceneEdit\Laya3D\laya153d\laya153d\jsbin\pan3d\engine\math\Groundposition.js.map
E:\github\sceneEdit\Laya3D\laya153d\laya153d\jsbin\pan3d\engine\math\MathClass.js
E:\github\sceneEdit\Laya3D\laya153d\laya153d\jsbin\pan3d\engine\math\MathClass.js.map
E:\github\sceneEdit\Laya3D\laya153d\laya153d\jsbin\pan3d\engine\math\MathUtil.js
E:\github\sceneEdit\Laya3D\laya153d\laya153d\jsbin\pan3d\engine\math\MathUtil.js.map
E:\github\sceneEdit\Laya3D\laya153d\laya153d\jsbin\pan3d\engine\math\Matrix3D.js
E:\github\sceneEdit\Laya3D\laya153d\laya153d\jsbin\pan3d\engine\math\Matrix3D.js.map
E:\github\sceneEdit\Laya3D\laya153d\laya153d\jsbin\pan3d\engine\math\Quaternion.js
E:\github\sceneEdit\Laya3D\laya153d\laya153d\jsbin\pan3d\engine\math\Quaternion.js.map
E:\github\sceneEdit\Laya3D\laya153d\laya153d\jsbin\pan3d\engine\math\Rectangle.js
E:\github\sceneEdit\Laya3D\laya153d\laya153d\jsbin\pan3d\engine\math\Rectangle.js.map
E:\github\sceneEdit\Laya3D\laya153d\laya153d\jsbin\pan3d\engine\math\TestTriangle.js
E:\github\sceneEdit\Laya3D\laya153d\laya153d\jsbin\pan3d\engine\math\TestTriangle.js.map
E:\github\sceneEdit\Laya3D\laya153d\laya153d\jsbin\pan3d\engine\math\Vector2D.js
E:\github\sceneEdit\Laya3D\laya153d\laya153d\jsbin\pan3d\engine\math\Vector2D.js.map
E:\github\sceneEdit\Laya3D\laya153d\laya153d\jsbin\pan3d\engine\math\Vector3D.js
E:\github\sceneEdit\Laya3D\laya153d\laya153d\jsbin\pan3d\engine\math\Vector3D.js.map
E:\github\sceneEdit\Laya3D\laya153d\laya153d\jsbin\pan3d\engine\net\NetManager.js
E:\github\sceneEdit\Laya3D\laya153d\laya153d\jsbin\pan3d\engine\net\NetManager.js.map
E:\github\sceneEdit\Laya3D\laya153d\laya153d\jsbin\pan3d\engine\net\obj\BinLogStru.js
E:\github\sceneEdit\Laya3D\laya153d\laya153d\jsbin\pan3d\engine\net\obj\BinLogStru.js.map
E:\github\sceneEdit\Laya3D\laya153d\laya153d\jsbin\pan3d\engine\net\obj\GuidObject.js
E:\github\sceneEdit\Laya3D\laya153d\laya153d\jsbin\pan3d\engine\net\obj\GuidObject.js.map
E:\github\sceneEdit\Laya3D\laya153d\laya153d\jsbin\pan3d\engine\net\obj\GuidObjectTable.js
E:\github\sceneEdit\Laya3D\laya153d\laya153d\jsbin\pan3d\engine\net\obj\GuidObjectTable.js.map
E:\github\sceneEdit\Laya3D\laya153d\laya153d\jsbin\pan3d\engine\net\obj\NetEventDispatcher.js
E:\github\sceneEdit\Laya3D\laya153d\laya153d\jsbin\pan3d\engine\net\obj\NetEventDispatcher.js.map
E:\github\sceneEdit\Laya3D\laya153d\laya153d\jsbin\pan3d\engine\net\obj\ObjectDef.js
E:\github\sceneEdit\Laya3D\laya153d\laya153d\jsbin\pan3d\engine\net\obj\ObjectDef.js.map
E:\github\sceneEdit\Laya3D\laya153d\laya153d\jsbin\pan3d\engine\net\obj\StringIndexer.js
E:\github\sceneEdit\Laya3D\laya153d\laya153d\jsbin\pan3d\engine\net\obj\StringIndexer.js.map
E:\github\sceneEdit\Laya3D\laya153d\laya153d\jsbin\pan3d\engine\net\obj\SyncEvent.js
E:\github\sceneEdit\Laya3D\laya153d\laya153d\jsbin\pan3d\engine\net\obj\SyncEvent.js.map
E:\github\sceneEdit\Laya3D\laya153d\laya153d\jsbin\pan3d\engine\net\obj\SyncEventFilter.js
E:\github\sceneEdit\Laya3D\laya153d\laya153d\jsbin\pan3d\engine\net\obj\SyncEventFilter.js.map
E:\github\sceneEdit\Laya3D\laya153d\laya153d\jsbin\pan3d\engine\net\obj\SyncEventRecorder.js
E:\github\sceneEdit\Laya3D\laya153d\laya153d\jsbin\pan3d\engine\net\obj\SyncEventRecorder.js.map
E:\github\sceneEdit\Laya3D\laya153d\laya153d\jsbin\pan3d\engine\net\obj\UpdateMask.js
E:\github\sceneEdit\Laya3D\laya153d\laya153d\jsbin\pan3d\engine\net\obj\UpdateMask.js.map
E:\github\sceneEdit\Laya3D\laya153d\laya153d\jsbin\pan3d\engine\net\script\clientmsg.js
E:\github\sceneEdit\Laya3D\laya153d\laya153d\jsbin\pan3d\engine\net\script\clientmsg.js.map
E:\github\sceneEdit\Laya3D\laya153d\laya153d\jsbin\pan3d\engine\net\script\clientstru.js
E:\github\sceneEdit\Laya3D\laya153d\laya153d\jsbin\pan3d\engine\net\script\clientstru.js.map
E:\github\sceneEdit\Laya3D\laya153d\laya153d\jsbin\pan3d\engine\net\script\Protocols.js
E:\github\sceneEdit\Laya3D\laya153d\laya153d\jsbin\pan3d\engine\net\script\Protocols.js.map
E:\github\sceneEdit\Laya3D\laya153d\laya153d\jsbin\pan3d\engine\particle\ball\Display3DBallPartilce.js
E:\github\sceneEdit\Laya3D\laya153d\laya153d\jsbin\pan3d\engine\particle\ball\Display3DBallPartilce.js.map
E:\github\sceneEdit\Laya3D\laya153d\laya153d\jsbin\pan3d\engine\particle\ball\Display3DBallShader.js
E:\github\sceneEdit\Laya3D\laya153d\laya153d\jsbin\pan3d\engine\particle\ball\Display3DBallShader.js.map
E:\github\sceneEdit\Laya3D\laya153d\laya153d\jsbin\pan3d\engine\particle\ball\ParticleBallData.js
E:\github\sceneEdit\Laya3D\laya153d\laya153d\jsbin\pan3d\engine\particle\ball\ParticleBallData.js.map
E:\github\sceneEdit\Laya3D\laya153d\laya153d\jsbin\pan3d\engine\particle\ball\ParticleBallGpuData.js
E:\github\sceneEdit\Laya3D\laya153d\laya153d\jsbin\pan3d\engine\particle\ball\ParticleBallGpuData.js.map
E:\github\sceneEdit\Laya3D\laya153d\laya153d\jsbin\pan3d\engine\particle\bone\Display3DBonePartilce.js
E:\github\sceneEdit\Laya3D\laya153d\laya153d\jsbin\pan3d\engine\particle\bone\Display3DBonePartilce.js.map
E:\github\sceneEdit\Laya3D\laya153d\laya153d\jsbin\pan3d\engine\particle\bone\ParticleBoneData.js
E:\github\sceneEdit\Laya3D\laya153d\laya153d\jsbin\pan3d\engine\particle\bone\ParticleBoneData.js.map
E:\github\sceneEdit\Laya3D\laya153d\laya153d\jsbin\pan3d\engine\particle\CombineParticle.js
E:\github\sceneEdit\Laya3D\laya153d\laya153d\jsbin\pan3d\engine\particle\CombineParticle.js.map
E:\github\sceneEdit\Laya3D\laya153d\laya153d\jsbin\pan3d\engine\particle\CombineParticleData.js
E:\github\sceneEdit\Laya3D\laya153d\laya153d\jsbin\pan3d\engine\particle\CombineParticleData.js.map
E:\github\sceneEdit\Laya3D\laya153d\laya153d\jsbin\pan3d\engine\particle\ctrl\AxisMove.js
E:\github\sceneEdit\Laya3D\laya153d\laya153d\jsbin\pan3d\engine\particle\ctrl\AxisMove.js.map
E:\github\sceneEdit\Laya3D\laya153d\laya153d\jsbin\pan3d\engine\particle\ctrl\AxisRotaion.js
E:\github\sceneEdit\Laya3D\laya153d\laya153d\jsbin\pan3d\engine\particle\ctrl\AxisRotaion.js.map
E:\github\sceneEdit\Laya3D\laya153d\laya153d\jsbin\pan3d\engine\particle\ctrl\BaseAnim.js
E:\github\sceneEdit\Laya3D\laya153d\laya153d\jsbin\pan3d\engine\particle\ctrl\BaseAnim.js.map
E:\github\sceneEdit\Laya3D\laya153d\laya153d\jsbin\pan3d\engine\particle\ctrl\KeyFrame.js
E:\github\sceneEdit\Laya3D\laya153d\laya153d\jsbin\pan3d\engine\particle\ctrl\KeyFrame.js.map
E:\github\sceneEdit\Laya3D\laya153d\laya153d\jsbin\pan3d\engine\particle\ctrl\ScaleAnim.js
E:\github\sceneEdit\Laya3D\laya153d\laya153d\jsbin\pan3d\engine\particle\ctrl\ScaleAnim.js.map
E:\github\sceneEdit\Laya3D\laya153d\laya153d\jsbin\pan3d\engine\particle\ctrl\ScaleChange.js
E:\github\sceneEdit\Laya3D\laya153d\laya153d\jsbin\pan3d\engine\particle\ctrl\ScaleChange.js.map
E:\github\sceneEdit\Laya3D\laya153d\laya153d\jsbin\pan3d\engine\particle\ctrl\ScaleNoise.js
E:\github\sceneEdit\Laya3D\laya153d\laya153d\jsbin\pan3d\engine\particle\ctrl\ScaleNoise.js.map
E:\github\sceneEdit\Laya3D\laya153d\laya153d\jsbin\pan3d\engine\particle\ctrl\SelfRotation.js
E:\github\sceneEdit\Laya3D\laya153d\laya153d\jsbin\pan3d\engine\particle\ctrl\SelfRotation.js.map
E:\github\sceneEdit\Laya3D\laya153d\laya153d\jsbin\pan3d\engine\particle\ctrl\TimeLine.js
E:\github\sceneEdit\Laya3D\laya153d\laya153d\jsbin\pan3d\engine\particle\ctrl\TimeLine.js.map
E:\github\sceneEdit\Laya3D\laya153d\laya153d\jsbin\pan3d\engine\particle\ctrl\TimeLineData.js
E:\github\sceneEdit\Laya3D\laya153d\laya153d\jsbin\pan3d\engine\particle\ctrl\TimeLineData.js.map
E:\github\sceneEdit\Laya3D\laya153d\laya153d\jsbin\pan3d\engine\particle\Display3DParticle.js
E:\github\sceneEdit\Laya3D\laya153d\laya153d\jsbin\pan3d\engine\particle\Display3DParticle.js.map
E:\github\sceneEdit\Laya3D\laya153d\laya153d\jsbin\pan3d\engine\particle\facet\Display3DFacetParticle.js
E:\github\sceneEdit\Laya3D\laya153d\laya153d\jsbin\pan3d\engine\particle\facet\Display3DFacetParticle.js.map
E:\github\sceneEdit\Laya3D\laya153d\laya153d\jsbin\pan3d\engine\particle\facet\Display3DFacetShader.js
E:\github\sceneEdit\Laya3D\laya153d\laya153d\jsbin\pan3d\engine\particle\facet\Display3DFacetShader.js.map
E:\github\sceneEdit\Laya3D\laya153d\laya153d\jsbin\pan3d\engine\particle\facet\ParticleFacetData.js
E:\github\sceneEdit\Laya3D\laya153d\laya153d\jsbin\pan3d\engine\particle\facet\ParticleFacetData.js.map
E:\github\sceneEdit\Laya3D\laya153d\laya153d\jsbin\pan3d\engine\particle\followlocus\Display3DFollowLocusPartilce.js
E:\github\sceneEdit\Laya3D\laya153d\laya153d\jsbin\pan3d\engine\particle\followlocus\Display3DFollowLocusPartilce.js.map
E:\github\sceneEdit\Laya3D\laya153d\laya153d\jsbin\pan3d\engine\particle\followlocus\Display3DFollowLocusShader.js
E:\github\sceneEdit\Laya3D\laya153d\laya153d\jsbin\pan3d\engine\particle\followlocus\Display3DFollowLocusShader.js.map
E:\github\sceneEdit\Laya3D\laya153d\laya153d\jsbin\pan3d\engine\particle\followlocus\ParticleFollowLocusData.js
E:\github\sceneEdit\Laya3D\laya153d\laya153d\jsbin\pan3d\engine\particle\followlocus\ParticleFollowLocusData.js.map
E:\github\sceneEdit\Laya3D\laya153d\laya153d\jsbin\pan3d\engine\particle\follow\Display3DFollowPartilce.js
E:\github\sceneEdit\Laya3D\laya153d\laya153d\jsbin\pan3d\engine\particle\follow\Display3DFollowPartilce.js.map
E:\github\sceneEdit\Laya3D\laya153d\laya153d\jsbin\pan3d\engine\particle\follow\Display3DFollowShader.js
E:\github\sceneEdit\Laya3D\laya153d\laya153d\jsbin\pan3d\engine\particle\follow\Display3DFollowShader.js.map
E:\github\sceneEdit\Laya3D\laya153d\laya153d\jsbin\pan3d\engine\particle\follow\ParticleFollowData.js
E:\github\sceneEdit\Laya3D\laya153d\laya153d\jsbin\pan3d\engine\particle\follow\ParticleFollowData.js.map
E:\github\sceneEdit\Laya3D\laya153d\laya153d\jsbin\pan3d\engine\particle\locusball\Display3DLocusBallPartilce.js
E:\github\sceneEdit\Laya3D\laya153d\laya153d\jsbin\pan3d\engine\particle\locusball\Display3DLocusBallPartilce.js.map
E:\github\sceneEdit\Laya3D\laya153d\laya153d\jsbin\pan3d\engine\particle\locusball\ParticleLocusballData.js
E:\github\sceneEdit\Laya3D\laya153d\laya153d\jsbin\pan3d\engine\particle\locusball\ParticleLocusballData.js.map
E:\github\sceneEdit\Laya3D\laya153d\laya153d\jsbin\pan3d\engine\particle\locus\Display3DLocusPartilce.js
E:\github\sceneEdit\Laya3D\laya153d\laya153d\jsbin\pan3d\engine\particle\locus\Display3DLocusPartilce.js.map
E:\github\sceneEdit\Laya3D\laya153d\laya153d\jsbin\pan3d\engine\particle\locus\Display3DLocusShader.js
E:\github\sceneEdit\Laya3D\laya153d\laya153d\jsbin\pan3d\engine\particle\locus\Display3DLocusShader.js.map
E:\github\sceneEdit\Laya3D\laya153d\laya153d\jsbin\pan3d\engine\particle\locus\ParticleLocusData.js
E:\github\sceneEdit\Laya3D\laya153d\laya153d\jsbin\pan3d\engine\particle\locus\ParticleLocusData.js.map
E:\github\sceneEdit\Laya3D\laya153d\laya153d\jsbin\pan3d\engine\particle\model\Display3dModelAnimParticle.js
E:\github\sceneEdit\Laya3D\laya153d\laya153d\jsbin\pan3d\engine\particle\model\Display3dModelAnimParticle.js.map
E:\github\sceneEdit\Laya3D\laya153d\laya153d\jsbin\pan3d\engine\particle\model\Display3DModelObjParticle.js
E:\github\sceneEdit\Laya3D\laya153d\laya153d\jsbin\pan3d\engine\particle\model\Display3DModelObjParticle.js.map
E:\github\sceneEdit\Laya3D\laya153d\laya153d\jsbin\pan3d\engine\particle\model\Display3DModelPartilce.js
E:\github\sceneEdit\Laya3D\laya153d\laya153d\jsbin\pan3d\engine\particle\model\Display3DModelPartilce.js.map
E:\github\sceneEdit\Laya3D\laya153d\laya153d\jsbin\pan3d\engine\particle\model\ParticleModelData.js
E:\github\sceneEdit\Laya3D\laya153d\laya153d\jsbin\pan3d\engine\particle\model\ParticleModelData.js.map
E:\github\sceneEdit\Laya3D\laya153d\laya153d\jsbin\pan3d\engine\particle\ParticleData.js
E:\github\sceneEdit\Laya3D\laya153d\laya153d\jsbin\pan3d\engine\particle\ParticleData.js.map
E:\github\sceneEdit\Laya3D\laya153d\laya153d\jsbin\pan3d\engine\particle\ParticleGpuData.js
E:\github\sceneEdit\Laya3D\laya153d\laya153d\jsbin\pan3d\engine\particle\ParticleGpuData.js.map
E:\github\sceneEdit\Laya3D\laya153d\laya153d\jsbin\pan3d\engine\particle\ParticleManager.js
E:\github\sceneEdit\Laya3D\laya153d\laya153d\jsbin\pan3d\engine\particle\ParticleManager.js.map
E:\github\sceneEdit\Laya3D\laya153d\laya153d\jsbin\pan3d\engine\program\BuildShader.js
E:\github\sceneEdit\Laya3D\laya153d\laya153d\jsbin\pan3d\engine\program\BuildShader.js.map
E:\github\sceneEdit\Laya3D\laya153d\laya153d\jsbin\pan3d\engine\program\Display3DShadowShader.js
E:\github\sceneEdit\Laya3D\laya153d\laya153d\jsbin\pan3d\engine\program\Display3DShadowShader.js.map
E:\github\sceneEdit\Laya3D\laya153d\laya153d\jsbin\pan3d\engine\program\MaterialAnimShader.js
E:\github\sceneEdit\Laya3D\laya153d\laya153d\jsbin\pan3d\engine\program\MaterialAnimShader.js.map
E:\github\sceneEdit\Laya3D\laya153d\laya153d\jsbin\pan3d\engine\program\MaterialBatchAnimShader.js
E:\github\sceneEdit\Laya3D\laya153d\laya153d\jsbin\pan3d\engine\program\MaterialBatchAnimShader.js.map
E:\github\sceneEdit\Laya3D\laya153d\laya153d\jsbin\pan3d\engine\program\MaterialShader.js
E:\github\sceneEdit\Laya3D\laya153d\laya153d\jsbin\pan3d\engine\program\MaterialShader.js.map
E:\github\sceneEdit\Laya3D\laya153d\laya153d\jsbin\pan3d\engine\program\Movie2DShader.js
E:\github\sceneEdit\Laya3D\laya153d\laya153d\jsbin\pan3d\engine\program\Movie2DShader.js.map
E:\github\sceneEdit\Laya3D\laya153d\laya153d\jsbin\pan3d\engine\program\ProgramManager.js
E:\github\sceneEdit\Laya3D\laya153d\laya153d\jsbin\pan3d\engine\program\ProgramManager.js.map
E:\github\sceneEdit\Laya3D\laya153d\laya153d\jsbin\pan3d\engine\program\Shader3D.js
E:\github\sceneEdit\Laya3D\laya153d\laya153d\jsbin\pan3d\engine\program\Shader3D.js.map
E:\github\sceneEdit\Laya3D\laya153d\laya153d\jsbin\pan3d\engine\program\SkyShader.js
E:\github\sceneEdit\Laya3D\laya153d\laya153d\jsbin\pan3d\engine\program\SkyShader.js.map
E:\github\sceneEdit\Laya3D\laya153d\laya153d\jsbin\pan3d\engine\program\Sprite2DShader.js
E:\github\sceneEdit\Laya3D\laya153d\laya153d\jsbin\pan3d\engine\program\Sprite2DShader.js.map
E:\github\sceneEdit\Laya3D\laya153d\laya153d\jsbin\pan3d\engine\program\TerrainDisplay3DShader.js
E:\github\sceneEdit\Laya3D\laya153d\laya153d\jsbin\pan3d\engine\program\TerrainDisplay3DShader.js.map
E:\github\sceneEdit\Laya3D\laya153d\laya153d\jsbin\pan3d\engine\program\UIImageShager.js
E:\github\sceneEdit\Laya3D\laya153d\laya153d\jsbin\pan3d\engine\program\UIImageShager.js.map
E:\github\sceneEdit\Laya3D\laya153d\laya153d\jsbin\pan3d\engine\program\UIMaskShader.js
E:\github\sceneEdit\Laya3D\laya153d\laya153d\jsbin\pan3d\engine\program\UIMaskShader.js.map
E:\github\sceneEdit\Laya3D\laya153d\laya153d\jsbin\pan3d\engine\program\UIShader.js
E:\github\sceneEdit\Laya3D\laya153d\laya153d\jsbin\pan3d\engine\program\UIShader.js.map
E:\github\sceneEdit\Laya3D\laya153d\laya153d\jsbin\pan3d\engine\scene\grldLevel\LineDisplayShader.js
E:\github\sceneEdit\Laya3D\laya153d\laya153d\jsbin\pan3d\engine\scene\grldLevel\LineDisplayShader.js.map
E:\github\sceneEdit\Laya3D\laya153d\laya153d\jsbin\pan3d\engine\scene\grldLevel\LineDisplaySprite.js
E:\github\sceneEdit\Laya3D\laya153d\laya153d\jsbin\pan3d\engine\scene\grldLevel\LineDisplaySprite.js.map
E:\github\sceneEdit\Laya3D\laya153d\laya153d\jsbin\pan3d\engine\scene\SceneManager.js
E:\github\sceneEdit\Laya3D\laya153d\laya153d\jsbin\pan3d\engine\scene\SceneManager.js.map
E:\github\sceneEdit\Laya3D\laya153d\laya153d\jsbin\pan3d\engine\scene\SceneRes.js
E:\github\sceneEdit\Laya3D\laya153d\laya153d\jsbin\pan3d\engine\scene\SceneRes.js.map
E:\github\sceneEdit\Laya3D\laya153d\laya153d\jsbin\pan3d\engine\scene\SceneResLow.js
E:\github\sceneEdit\Laya3D\laya153d\laya153d\jsbin\pan3d\engine\scene\SceneResLow.js.map
E:\github\sceneEdit\Laya3D\laya153d\laya153d\jsbin\pan3d\engine\scene\tree\QuadTreeNode.js
E:\github\sceneEdit\Laya3D\laya153d\laya153d\jsbin\pan3d\engine\scene\tree\QuadTreeNode.js.map
E:\github\sceneEdit\Laya3D\laya153d\laya153d\jsbin\pan3d\engine\scene\tree\SceneQuadTree.js
E:\github\sceneEdit\Laya3D\laya153d\laya153d\jsbin\pan3d\engine\scene\tree\SceneQuadTree.js.map
E:\github\sceneEdit\Laya3D\laya153d\laya153d\jsbin\pan3d\engine\scene\ViewFrustum.js
E:\github\sceneEdit\Laya3D\laya153d\laya153d\jsbin\pan3d\engine\scene\ViewFrustum.js.map
E:\github\sceneEdit\Laya3D\laya153d\laya153d\jsbin\pan3d\engine\skill\key\SkillEffect.js
E:\github\sceneEdit\Laya3D\laya153d\laya153d\jsbin\pan3d\engine\skill\key\SkillEffect.js.map
E:\github\sceneEdit\Laya3D\laya153d\laya153d\jsbin\pan3d\engine\skill\key\SkillFixEffect.js
E:\github\sceneEdit\Laya3D\laya153d\laya153d\jsbin\pan3d\engine\skill\key\SkillFixEffect.js.map
E:\github\sceneEdit\Laya3D\laya153d\laya153d\jsbin\pan3d\engine\skill\key\SkillKey.js
E:\github\sceneEdit\Laya3D\laya153d\laya153d\jsbin\pan3d\engine\skill\key\SkillKey.js.map
E:\github\sceneEdit\Laya3D\laya153d\laya153d\jsbin\pan3d\engine\skill\key\SkillMulTrajectory.js
E:\github\sceneEdit\Laya3D\laya153d\laya153d\jsbin\pan3d\engine\skill\key\SkillMulTrajectory.js.map
E:\github\sceneEdit\Laya3D\laya153d\laya153d\jsbin\pan3d\engine\skill\key\SkillTrajectory.js
E:\github\sceneEdit\Laya3D\laya153d\laya153d\jsbin\pan3d\engine\skill\key\SkillTrajectory.js.map
E:\github\sceneEdit\Laya3D\laya153d\laya153d\jsbin\pan3d\engine\skill\path\PathManager.js
E:\github\sceneEdit\Laya3D\laya153d\laya153d\jsbin\pan3d\engine\skill\path\PathManager.js.map
E:\github\sceneEdit\Laya3D\laya153d\laya153d\jsbin\pan3d\engine\skill\path\SkillMulPath.js
E:\github\sceneEdit\Laya3D\laya153d\laya153d\jsbin\pan3d\engine\skill\path\SkillMulPath.js.map
E:\github\sceneEdit\Laya3D\laya153d\laya153d\jsbin\pan3d\engine\skill\path\SkillPath.js
E:\github\sceneEdit\Laya3D\laya153d\laya153d\jsbin\pan3d\engine\skill\path\SkillPath.js.map
E:\github\sceneEdit\Laya3D\laya153d\laya153d\jsbin\pan3d\engine\skill\path\SkillSinPath.js
E:\github\sceneEdit\Laya3D\laya153d\laya153d\jsbin\pan3d\engine\skill\path\SkillSinPath.js.map
E:\github\sceneEdit\Laya3D\laya153d\laya153d\jsbin\pan3d\engine\skill\Skill.js
E:\github\sceneEdit\Laya3D\laya153d\laya153d\jsbin\pan3d\engine\skill\Skill.js.map
E:\github\sceneEdit\Laya3D\laya153d\laya153d\jsbin\pan3d\engine\skill\SkillData.js
E:\github\sceneEdit\Laya3D\laya153d\laya153d\jsbin\pan3d\engine\skill\SkillData.js.map
E:\github\sceneEdit\Laya3D\laya153d\laya153d\jsbin\pan3d\engine\skill\SkillManager.js
E:\github\sceneEdit\Laya3D\laya153d\laya153d\jsbin\pan3d\engine\skill\SkillManager.js.map
E:\github\sceneEdit\Laya3D\laya153d\laya153d\jsbin\pan3d\engine\skill\vo\SkillKeyVo.js
E:\github\sceneEdit\Laya3D\laya153d\laya153d\jsbin\pan3d\engine\skill\vo\SkillKeyVo.js.map
E:\github\sceneEdit\Laya3D\laya153d\laya153d\jsbin\pan3d\engine\skill\vo\SkillVo.js
E:\github\sceneEdit\Laya3D\laya153d\laya153d\jsbin\pan3d\engine\skill\vo\SkillVo.js.map
E:\github\sceneEdit\Laya3D\laya153d\laya153d\jsbin\pan3d\engine\ui\base\FrameUIRender.js
E:\github\sceneEdit\Laya3D\laya153d\laya153d\jsbin\pan3d\engine\ui\base\FrameUIRender.js.map
E:\github\sceneEdit\Laya3D\laya153d\laya153d\jsbin\pan3d\engine\ui\base\InteractiveEvent.js
E:\github\sceneEdit\Laya3D\laya153d\laya153d\jsbin\pan3d\engine\ui\base\InteractiveEvent.js.map
E:\github\sceneEdit\Laya3D\laya153d\laya153d\jsbin\pan3d\engine\ui\base\TextAlign.js
E:\github\sceneEdit\Laya3D\laya153d\laya153d\jsbin\pan3d\engine\ui\base\TextAlign.js.map
E:\github\sceneEdit\Laya3D\laya153d\laya153d\jsbin\pan3d\engine\ui\base\UIAtlas.js
E:\github\sceneEdit\Laya3D\laya153d\laya153d\jsbin\pan3d\engine\ui\base\UIAtlas.js.map
E:\github\sceneEdit\Laya3D\laya153d\laya153d\jsbin\pan3d\engine\ui\base\UIBackImg.js
E:\github\sceneEdit\Laya3D\laya153d\laya153d\jsbin\pan3d\engine\ui\base\UIBackImg.js.map
E:\github\sceneEdit\Laya3D\laya153d\laya153d\jsbin\pan3d\engine\ui\base\UICompenent.js
E:\github\sceneEdit\Laya3D\laya153d\laya153d\jsbin\pan3d\engine\ui\base\UICompenent.js.map
E:\github\sceneEdit\Laya3D\laya153d\laya153d\jsbin\pan3d\engine\ui\base\UIContainer.js
E:\github\sceneEdit\Laya3D\laya153d\laya153d\jsbin\pan3d\engine\ui\base\UIContainer.js.map
E:\github\sceneEdit\Laya3D\laya153d\laya153d\jsbin\pan3d\engine\ui\base\UIData.js
E:\github\sceneEdit\Laya3D\laya153d\laya153d\jsbin\pan3d\engine\ui\base\UIData.js.map
E:\github\sceneEdit\Laya3D\laya153d\laya153d\jsbin\pan3d\engine\ui\base\UIGridRectangle.js
E:\github\sceneEdit\Laya3D\laya153d\laya153d\jsbin\pan3d\engine\ui\base\UIGridRectangle.js.map
E:\github\sceneEdit\Laya3D\laya153d\laya153d\jsbin\pan3d\engine\ui\base\UIListRenderComponent.js
E:\github\sceneEdit\Laya3D\laya153d\laya153d\jsbin\pan3d\engine\ui\base\UIListRenderComponent.js.map
E:\github\sceneEdit\Laya3D\laya153d\laya153d\jsbin\pan3d\engine\ui\base\UIMask.js
E:\github\sceneEdit\Laya3D\laya153d\laya153d\jsbin\pan3d\engine\ui\base\UIMask.js.map
E:\github\sceneEdit\Laya3D\laya153d\laya153d\jsbin\pan3d\engine\ui\base\UIRectangle.js
E:\github\sceneEdit\Laya3D\laya153d\laya153d\jsbin\pan3d\engine\ui\base\UIRectangle.js.map
E:\github\sceneEdit\Laya3D\laya153d\laya153d\jsbin\pan3d\engine\ui\base\UIRenderComponent.js
E:\github\sceneEdit\Laya3D\laya153d\laya153d\jsbin\pan3d\engine\ui\base\UIRenderComponent.js.map
E:\github\sceneEdit\Laya3D\laya153d\laya153d\jsbin\pan3d\engine\ui\base\UIVirtualContainer.js
E:\github\sceneEdit\Laya3D\laya153d\laya153d\jsbin\pan3d\engine\ui\base\UIVirtualContainer.js.map
E:\github\sceneEdit\Laya3D\laya153d\laya153d\jsbin\pan3d\engine\ui\compenent\AlphaUiContianer.js
E:\github\sceneEdit\Laya3D\laya153d\laya153d\jsbin\pan3d\engine\ui\compenent\AlphaUiContianer.js.map
E:\github\sceneEdit\Laya3D\laya153d\laya153d\jsbin\pan3d\engine\ui\compenent\BaseButton.js
E:\github\sceneEdit\Laya3D\laya153d\laya153d\jsbin\pan3d\engine\ui\compenent\BaseButton.js.map
E:\github\sceneEdit\Laya3D\laya153d\laya153d\jsbin\pan3d\engine\ui\compenent\Button.js
E:\github\sceneEdit\Laya3D\laya153d\laya153d\jsbin\pan3d\engine\ui\compenent\Button.js.map
E:\github\sceneEdit\Laya3D\laya153d\laya153d\jsbin\pan3d\engine\ui\compenent\CdUICompenent.js
E:\github\sceneEdit\Laya3D\laya153d\laya153d\jsbin\pan3d\engine\ui\compenent\CdUICompenent.js.map
E:\github\sceneEdit\Laya3D\laya153d\laya153d\jsbin\pan3d\engine\ui\compenent\Dis2DUIContianerPanel.js
E:\github\sceneEdit\Laya3D\laya153d\laya153d\jsbin\pan3d\engine\ui\compenent\Dis2DUIContianerPanel.js.map
E:\github\sceneEdit\Laya3D\laya153d\laya153d\jsbin\pan3d\engine\ui\compenent\FrameCompenent.js
E:\github\sceneEdit\Laya3D\laya153d\laya153d\jsbin\pan3d\engine\ui\compenent\FrameCompenent.js.map
E:\github\sceneEdit\Laya3D\laya153d\laya153d\jsbin\pan3d\engine\ui\compenent\Grid9Compenent.js
E:\github\sceneEdit\Laya3D\laya153d\laya153d\jsbin\pan3d\engine\ui\compenent\Grid9Compenent.js.map
E:\github\sceneEdit\Laya3D\laya153d\laya153d\jsbin\pan3d\engine\ui\compenent\GridList.js
E:\github\sceneEdit\Laya3D\laya153d\laya153d\jsbin\pan3d\engine\ui\compenent\GridList.js.map
E:\github\sceneEdit\Laya3D\laya153d\laya153d\jsbin\pan3d\engine\ui\compenent\List.js
E:\github\sceneEdit\Laya3D\laya153d\laya153d\jsbin\pan3d\engine\ui\compenent\List.js.map
E:\github\sceneEdit\Laya3D\laya153d\laya153d\jsbin\pan3d\engine\ui\compenent\RoationUiContianer.js
E:\github\sceneEdit\Laya3D\laya153d\laya153d\jsbin\pan3d\engine\ui\compenent\RoationUiContianer.js.map
E:\github\sceneEdit\Laya3D\laya153d\laya153d\jsbin\pan3d\engine\ui\compenent\SelectButton.js
E:\github\sceneEdit\Laya3D\laya153d\laya153d\jsbin\pan3d\engine\ui\compenent\SelectButton.js.map
E:\github\sceneEdit\Laya3D\laya153d\laya153d\jsbin\pan3d\engine\ui\compenent\SList.js
E:\github\sceneEdit\Laya3D\laya153d\laya153d\jsbin\pan3d\engine\ui\compenent\SList.js.map
E:\github\sceneEdit\Laya3D\laya153d\laya153d\jsbin\pan3d\engine\ui\IconManager.js
E:\github\sceneEdit\Laya3D\laya153d\laya153d\jsbin\pan3d\engine\ui\IconManager.js.map
E:\github\sceneEdit\Laya3D\laya153d\laya153d\jsbin\pan3d\engine\ui\PuiData.js
E:\github\sceneEdit\Laya3D\laya153d\laya153d\jsbin\pan3d\engine\ui\PuiData.js.map
E:\github\sceneEdit\Laya3D\laya153d\laya153d\jsbin\pan3d\engine\ui\UILoading.js
E:\github\sceneEdit\Laya3D\laya153d\laya153d\jsbin\pan3d\engine\ui\UILoading.js.map
E:\github\sceneEdit\Laya3D\laya153d\laya153d\jsbin\pan3d\engine\ui\UIManager.js
E:\github\sceneEdit\Laya3D\laya153d\laya153d\jsbin\pan3d\engine\ui\UIManager.js.map
E:\github\sceneEdit\Laya3D\laya153d\laya153d\jsbin\pan3d\engine\ui\UIStage.js
E:\github\sceneEdit\Laya3D\laya153d\laya153d\jsbin\pan3d\engine\ui\UIStage.js.map
E:\github\sceneEdit\Laya3D\laya153d\laya153d\jsbin\pan3d\engine\utils\AnimManager.js
E:\github\sceneEdit\Laya3D\laya153d\laya153d\jsbin\pan3d\engine\utils\AnimManager.js.map
E:\github\sceneEdit\Laya3D\laya153d\laya153d\jsbin\pan3d\engine\utils\ArtFont.js
E:\github\sceneEdit\Laya3D\laya153d\laya153d\jsbin\pan3d\engine\utils\ArtFont.js.map
E:\github\sceneEdit\Laya3D\laya153d\laya153d\jsbin\pan3d\engine\utils\AstarUtil.js
E:\github\sceneEdit\Laya3D\laya153d\laya153d\jsbin\pan3d\engine\utils\AstarUtil.js.map
E:\github\sceneEdit\Laya3D\laya153d\laya153d\jsbin\pan3d\engine\utils\Base64.js
E:\github\sceneEdit\Laya3D\laya153d\laya153d\jsbin\pan3d\engine\utils\Base64.js.map
E:\github\sceneEdit\Laya3D\laya153d\laya153d\jsbin\pan3d\engine\utils\BloodManager.js
E:\github\sceneEdit\Laya3D\laya153d\laya153d\jsbin\pan3d\engine\utils\BloodManager.js.map
E:\github\sceneEdit\Laya3D\laya153d\laya153d\jsbin\pan3d\engine\utils\ColorTransition.js
E:\github\sceneEdit\Laya3D\laya153d\laya153d\jsbin\pan3d\engine\utils\ColorTransition.js.map
E:\github\sceneEdit\Laya3D\laya153d\laya153d\jsbin\pan3d\engine\utils\curves\Curve.js
E:\github\sceneEdit\Laya3D\laya153d\laya153d\jsbin\pan3d\engine\utils\curves\Curve.js.map
E:\github\sceneEdit\Laya3D\laya153d\laya153d\jsbin\pan3d\engine\utils\GroupDataManager.js
E:\github\sceneEdit\Laya3D\laya153d\laya153d\jsbin\pan3d\engine\utils\GroupDataManager.js.map
E:\github\sceneEdit\Laya3D\laya153d\laya153d\jsbin\pan3d\engine\utils\KeyboardType.js
E:\github\sceneEdit\Laya3D\laya153d\laya153d\jsbin\pan3d\engine\utils\KeyboardType.js.map
E:\github\sceneEdit\Laya3D\laya153d\laya153d\jsbin\pan3d\engine\utils\KeyControl.js
E:\github\sceneEdit\Laya3D\laya153d\laya153d\jsbin\pan3d\engine\utils\KeyControl.js.map
E:\github\sceneEdit\Laya3D\laya153d\laya153d\jsbin\pan3d\engine\utils\LabelTextFont.js
E:\github\sceneEdit\Laya3D\laya153d\laya153d\jsbin\pan3d\engine\utils\LabelTextFont.js.map
E:\github\sceneEdit\Laya3D\laya153d\laya153d\jsbin\pan3d\engine\utils\LightProbeManager.js
E:\github\sceneEdit\Laya3D\laya153d\laya153d\jsbin\pan3d\engine\utils\LightProbeManager.js.map
E:\github\sceneEdit\Laya3D\laya153d\laya153d\jsbin\pan3d\engine\utils\LoadManager.js
E:\github\sceneEdit\Laya3D\laya153d\laya153d\jsbin\pan3d\engine\utils\LoadManager.js.map
E:\github\sceneEdit\Laya3D\laya153d\laya153d\jsbin\pan3d\engine\utils\MeshDataManager.js
E:\github\sceneEdit\Laya3D\laya153d\laya153d\jsbin\pan3d\engine\utils\MeshDataManager.js.map
E:\github\sceneEdit\Laya3D\laya153d\laya153d\jsbin\pan3d\engine\utils\ObjDataManager.js
E:\github\sceneEdit\Laya3D\laya153d\laya153d\jsbin\pan3d\engine\utils\ObjDataManager.js.map
E:\github\sceneEdit\Laya3D\laya153d\laya153d\jsbin\pan3d\engine\utils\res\BaseRes.js
E:\github\sceneEdit\Laya3D\laya153d\laya153d\jsbin\pan3d\engine\utils\res\BaseRes.js.map
E:\github\sceneEdit\Laya3D\laya153d\laya153d\jsbin\pan3d\engine\utils\res\GroupRes.js
E:\github\sceneEdit\Laya3D\laya153d\laya153d\jsbin\pan3d\engine\utils\res\GroupRes.js.map
E:\github\sceneEdit\Laya3D\laya153d\laya153d\jsbin\pan3d\engine\utils\res\ModelRes.js
E:\github\sceneEdit\Laya3D\laya153d\laya153d\jsbin\pan3d\engine\utils\res\ModelRes.js.map
E:\github\sceneEdit\Laya3D\laya153d\laya153d\jsbin\pan3d\engine\utils\res\ResManager.js
E:\github\sceneEdit\Laya3D\laya153d\laya153d\jsbin\pan3d\engine\utils\res\ResManager.js.map
E:\github\sceneEdit\Laya3D\laya153d\laya153d\jsbin\pan3d\engine\utils\res\RoleRes.js
E:\github\sceneEdit\Laya3D\laya153d\laya153d\jsbin\pan3d\engine\utils\res\RoleRes.js.map
E:\github\sceneEdit\Laya3D\laya153d\laya153d\jsbin\pan3d\engine\utils\res\RoleResLow.js
E:\github\sceneEdit\Laya3D\laya153d\laya153d\jsbin\pan3d\engine\utils\res\RoleResLow.js.map
E:\github\sceneEdit\Laya3D\laya153d\laya153d\jsbin\pan3d\engine\utils\res\SkillRes.js
E:\github\sceneEdit\Laya3D\laya153d\laya153d\jsbin\pan3d\engine\utils\res\SkillRes.js.map
E:\github\sceneEdit\Laya3D\laya153d\laya153d\jsbin\pan3d\engine\utils\shadow\Shadow.js
E:\github\sceneEdit\Laya3D\laya153d\laya153d\jsbin\pan3d\engine\utils\shadow\Shadow.js.map
E:\github\sceneEdit\Laya3D\laya153d\laya153d\jsbin\pan3d\engine\utils\shadow\ShadowManager.js
E:\github\sceneEdit\Laya3D\laya153d\laya153d\jsbin\pan3d\engine\utils\shadow\ShadowManager.js.map
E:\github\sceneEdit\Laya3D\laya153d\laya153d\jsbin\pan3d\engine\utils\SoundManager.js
E:\github\sceneEdit\Laya3D\laya153d\laya153d\jsbin\pan3d\engine\utils\SoundManager.js.map
E:\github\sceneEdit\Laya3D\laya153d\laya153d\jsbin\pan3d\engine\utils\TimeUtil.js
E:\github\sceneEdit\Laya3D\laya153d\laya153d\jsbin\pan3d\engine\utils\TimeUtil.js.map
E:\github\sceneEdit\Laya3D\laya153d\laya153d\jsbin\pan3d\engine\utils\Util.js
E:\github\sceneEdit\Laya3D\laya153d\laya153d\jsbin\pan3d\engine\utils\Util.js.map
E:\github\sceneEdit\Laya3D\laya153d\laya153d\jsbin\pan3d\engine\vo\collistion\CapsuleVo.js
E:\github\sceneEdit\Laya3D\laya153d\laya153d\jsbin\pan3d\engine\vo\collistion\CapsuleVo.js.map
E:\github\sceneEdit\Laya3D\laya153d\laya153d\jsbin\pan3d\engine\vo\collistion\CollisionVo.js
E:\github\sceneEdit\Laya3D\laya153d\laya153d\jsbin\pan3d\engine\vo\collistion\CollisionVo.js.map
E:\github\sceneEdit\Laya3D\laya153d\laya153d\jsbin\pan3d\engine\vo\LightVo.js
E:\github\sceneEdit\Laya3D\laya153d\laya153d\jsbin\pan3d\engine\vo\LightVo.js.map
E:\github\sceneEdit\Laya3D\laya153d\laya153d\jsbin\pan3d\engine\vo\skinanim\AnimData.js
E:\github\sceneEdit\Laya3D\laya153d\laya153d\jsbin\pan3d\engine\vo\skinanim\AnimData.js.map
E:\github\sceneEdit\Laya3D\laya153d\laya153d\jsbin\pan3d\engine\vo\skinanim\BoneSocketData.js
E:\github\sceneEdit\Laya3D\laya153d\laya153d\jsbin\pan3d\engine\vo\skinanim\BoneSocketData.js.map
E:\github\sceneEdit\Laya3D\laya153d\laya153d\jsbin\pan3d\engine\vo\skinanim\SkinMesh.js
E:\github\sceneEdit\Laya3D\laya153d\laya153d\jsbin\pan3d\engine\vo\skinanim\SkinMesh.js.map
E:\github\sceneEdit\Laya3D\laya153d\laya153d\jsbin\pan3d\mvcframe\Module.js
E:\github\sceneEdit\Laya3D\laya153d\laya153d\jsbin\pan3d\mvcframe\Module.js.map
E:\github\sceneEdit\Laya3D\laya153d\laya153d\jsbin\pan3d\mvcframe\ModuleEventManager.js
E:\github\sceneEdit\Laya3D\laya153d\laya153d\jsbin\pan3d\mvcframe\ModuleEventManager.js.map
E:\github\sceneEdit\Laya3D\laya153d\laya153d\jsbin\pan3d\mvcframe\Processor.js
E:\github\sceneEdit\Laya3D\laya153d\laya153d\jsbin\pan3d\mvcframe\Processor.js.map
E:\github\sceneEdit\Laya3D\laya153d\laya153d\jsbin\pan3d\UnitFunction.js
E:\github\sceneEdit\Laya3D\laya153d\laya153d\jsbin\pan3d\UnitFunction.js.map
E:\github\sceneEdit\Laya3D\laya153d\laya153d\jsbin\src\pansrc\BaseLaya3dSprite.js
E:\github\sceneEdit\Laya3D\laya153d\laya153d\jsbin\src\pansrc\BaseLaya3dSprite.js.map
E:\github\sceneEdit\Laya3D\laya153d\laya153d\jsbin\src\pansrc\Game2dChar.js
E:\github\sceneEdit\Laya3D\laya153d\laya153d\jsbin\src\pansrc\Game2dChar.js.map
E:\github\sceneEdit\Laya3D\laya153d\laya153d\jsbin\src\pansrc\Game3dChar.js
E:\github\sceneEdit\Laya3D\laya153d\laya153d\jsbin\src\pansrc\Game3dChar.js.map
E:\github\sceneEdit\Laya3D\laya153d\laya153d\jsbin\src\Launch.js
E:\github\sceneEdit\Laya3D\laya153d\laya153d\jsbin\src\Launch.js.map
E:\github\sceneEdit\Laya3D\laya153d\laya153d\jsbin\src\pansrc\layapan\LayaBloodManager.js
E:\github\sceneEdit\Laya3D\laya153d\laya153d\jsbin\src\pansrc\layapan\LayaBloodManager.js.map
E:\github\sceneEdit\Laya3D\laya153d\laya153d\jsbin\src\pansrc\layapan\LayaSceneBaseChar.js
E:\github\sceneEdit\Laya3D\laya153d\laya153d\jsbin\src\pansrc\layapan\LayaSceneBaseChar.js.map
E:\github\sceneEdit\Laya3D\laya153d\laya153d\jsbin\src\pansrc\layapan\LayaSceneChar.js
E:\github\sceneEdit\Laya3D\laya153d\laya153d\jsbin\src\pansrc\layapan\LayaSceneChar.js.map
E:\github\sceneEdit\Laya3D\laya153d\laya153d\jsbin\src\pansrc\layapan\overridebase\LayaOverride2dEngine.js
E:\github\sceneEdit\Laya3D\laya153d\laya153d\jsbin\src\pansrc\layapan\overridebase\LayaOverride2dEngine.js.map
E:\github\sceneEdit\Laya3D\laya153d\laya153d\jsbin\src\pansrc\layapan\overridebase\LayaOverride2dParticleManager.js
E:\github\sceneEdit\Laya3D\laya153d\laya153d\jsbin\src\pansrc\layapan\overridebase\LayaOverride2dParticleManager.js.map
E:\github\sceneEdit\Laya3D\laya153d\laya153d\jsbin\src\pansrc\layapan\overridebase\LayaOverride2dSceneManager.js
E:\github\sceneEdit\Laya3D\laya153d\laya153d\jsbin\src\pansrc\layapan\overridebase\LayaOverride2dSceneManager.js.map
E:\github\sceneEdit\Laya3D\laya153d\laya153d\jsbin\src\pansrc\layapan\overridebase\LayaOverride2dSkillManager.js
E:\github\sceneEdit\Laya3D\laya153d\laya153d\jsbin\src\pansrc\layapan\overridebase\LayaOverride2dSkillManager.js.map
E:\github\sceneEdit\Laya3D\laya153d\laya153d\jsbin\src\pansrc\layapan\overridebase\LayaOverrideGroupDataManager.js
E:\github\sceneEdit\Laya3D\laya153d\laya153d\jsbin\src\pansrc\layapan\overridebase\LayaOverrideGroupDataManager.js.map
E:\github\sceneEdit\Laya3D\laya153d\laya153d\jsbin\src\pansrc\layapan\overridebase\LayaOverrideShadowManager.js
E:\github\sceneEdit\Laya3D\laya153d\laya153d\jsbin\src\pansrc\layapan\overridebase\LayaOverrideShadowManager.js.map
E:\github\sceneEdit\Laya3D\laya153d\laya153d\jsbin\src\pansrc\layapan\overridebase\LayaScene2dInit.js
E:\github\sceneEdit\Laya3D\laya153d\laya153d\jsbin\src\pansrc\layapan\overridebase\LayaScene2dInit.js.map
E:\github\sceneEdit\Laya3D\laya153d\laya153d\jsbin\src\pansrc\layapan\overridebase\skill\OverrideSkill.js
E:\github\sceneEdit\Laya3D\laya153d\laya153d\jsbin\src\pansrc\layapan\overridebase\skill\OverrideSkill.js.map
E:\github\sceneEdit\Laya3D\laya153d\laya153d\jsbin\src\pansrc\layapan\overridebase\skill\OverrideSkillFixEffect.js
E:\github\sceneEdit\Laya3D\laya153d\laya153d\jsbin\src\pansrc\layapan\overridebase\skill\OverrideSkillFixEffect.js.map
E:\github\sceneEdit\Laya3D\laya153d\laya153d\jsbin\src\pansrc\layapan\overridebase\skill\OverrideSkillKeyVo.js
E:\github\sceneEdit\Laya3D\laya153d\laya153d\jsbin\src\pansrc\layapan\overridebase\skill\OverrideSkillKeyVo.js.map
E:\github\sceneEdit\Laya3D\laya153d\laya153d\jsbin\src\pansrc\layapan\LayaInsideSprite.js
E:\github\sceneEdit\Laya3D\laya153d\laya153d\jsbin\src\pansrc\layapan\LayaInsideSprite.js.map
E:\github\sceneEdit\Laya3D\laya153d\laya153d\jsbin\src\pansrc\layapan\overridebase\skill\OverrideSkillTrajectory.js
E:\github\sceneEdit\Laya3D\laya153d\laya153d\jsbin\src\pansrc\layapan\overridebase\skill\OverrideSkillTrajectory.js.map
E:\github\sceneEdit\Laya3D\laya153d\laya153d\jsbin\src\pansrc\panel\BaseWinPanel.js
E:\github\sceneEdit\Laya3D\laya153d\laya153d\jsbin\src\pansrc\panel\BaseWinPanel.js.map
E:\github\sceneEdit\Laya3D\laya153d\laya153d\jsbin\src\pansrc\panel\BuffThreePanel.js
E:\github\sceneEdit\Laya3D\laya153d\laya153d\jsbin\src\pansrc\panel\BuffThreePanel.js.map
E:\github\sceneEdit\Laya3D\laya153d\laya153d\jsbin\src\pansrc\panel\CammandPanel.js
E:\github\sceneEdit\Laya3D\laya153d\laya153d\jsbin\src\pansrc\panel\CammandPanel.js.map
E:\github\sceneEdit\Laya3D\laya153d\laya153d\jsbin\src\pansrc\panel\DeleteRolePanel.js
E:\github\sceneEdit\Laya3D\laya153d\laya153d\jsbin\src\pansrc\panel\DeleteRolePanel.js.map
E:\github\sceneEdit\Laya3D\laya153d\laya153d\jsbin\src\pansrc\panel\Mode3dPanel.js
E:\github\sceneEdit\Laya3D\laya153d\laya153d\jsbin\src\pansrc\panel\Mode3dPanel.js.map
E:\github\sceneEdit\Laya3D\laya153d\laya153d\jsbin\src\pansrc\panel\Scale2dScenePanel.js
E:\github\sceneEdit\Laya3D\laya153d\laya153d\jsbin\src\pansrc\panel\Scale2dScenePanel.js.map
E:\github\sceneEdit\Laya3D\laya153d\laya153d\jsbin\src\pansrc\panel\Game2dScene.js
E:\github\sceneEdit\Laya3D\laya153d\laya153d\jsbin\src\pansrc\panel\Game2dScene.js.map
E:\github\sceneEdit\Laya3D\laya153d\laya153d\jsbin\src\pansrc\panel\Avatar3dUiPanel.js
E:\github\sceneEdit\Laya3D\laya153d\laya153d\jsbin\src\pansrc\panel\Avatar3dUiPanel.js.map
E:\github\sceneEdit\Laya3D\laya153d\laya153d\jsbin\src\pansrc\panel\Avatar2dUiPanel.js
E:\github\sceneEdit\Laya3D\laya153d\laya153d\jsbin\src\pansrc\panel\Avatar2dUiPanel.js.map
E:\github\sceneEdit\Laya3D\laya153d\laya153d\jsbin\src\pansrc\panel\Game3dScene.js
E:\github\sceneEdit\Laya3D\laya153d\laya153d\jsbin\src\pansrc\panel\Game3dScene.js.map
E:\github\sceneEdit\Laya3D\laya153d\laya153d\jsbin\src\pansrc\panel\Model3DShowPanel.js
E:\github\sceneEdit\Laya3D\laya153d\laya153d\jsbin\src\pansrc\panel\Model3DShowPanel.js.map
E:\github\sceneEdit\Laya3D\laya153d\laya153d\jsbin\src\pansrc\panel\Particle2dPanel.js
E:\github\sceneEdit\Laya3D\laya153d\laya153d\jsbin\src\pansrc\panel\Particle2dPanel.js.map
E:\github\sceneEdit\Laya3D\laya153d\laya153d\jsbin\src\pansrc\panel\Particle3dPanel.js
E:\github\sceneEdit\Laya3D\laya153d\laya153d\jsbin\src\pansrc\panel\Particle3dPanel.js.map
E:\github\sceneEdit\Laya3D\laya153d\laya153d\jsbin\src\pansrc\panel\Sanguo3dScenePanel.js
E:\github\sceneEdit\Laya3D\laya153d\laya153d\jsbin\src\pansrc\panel\Sanguo3dScenePanel.js.map
E:\github\sceneEdit\Laya3D\laya153d\laya153d\jsbin\src\pansrc\panel\SelectChar2dPanel.js
E:\github\sceneEdit\Laya3D\laya153d\laya153d\jsbin\src\pansrc\panel\SelectChar2dPanel.js.map
E:\github\sceneEdit\Laya3D\laya153d\laya153d\jsbin\src\pansrc\panel\SelectChar3dPanel.js
E:\github\sceneEdit\Laya3D\laya153d\laya153d\jsbin\src\pansrc\panel\SelectChar3dPanel.js.map
E:\github\sceneEdit\Laya3D\laya153d\laya153d\jsbin\src\pansrc\panel\Skill2dUiPanel.js
E:\github\sceneEdit\Laya3D\laya153d\laya153d\jsbin\src\pansrc\panel\Skill2dUiPanel.js.map
E:\github\sceneEdit\Laya3D\laya153d\laya153d\jsbin\src\pansrc\panel\Skill3dUiPanel.js
E:\github\sceneEdit\Laya3D\laya153d\laya153d\jsbin\src\pansrc\panel\Skill3dUiPanel.js.map
E:\github\sceneEdit\Laya3D\laya153d\laya153d\jsbin\src\pansrc\panel\SkillDandaoPanel.js
E:\github\sceneEdit\Laya3D\laya153d\laya153d\jsbin\src\pansrc\panel\SkillDandaoPanel.js.map
E:\github\sceneEdit\Laya3D\laya153d\laya153d\jsbin\src\pansrc\panel\FramePicPanel.js
E:\github\sceneEdit\Laya3D\laya153d\laya153d\jsbin\src\pansrc\panel\FramePicPanel.js.map
E:\github\sceneEdit\Laya3D\laya153d\laya153d\jsbin\src\pansrc\panel\TipsTextPanel.js
E:\github\sceneEdit\Laya3D\laya153d\laya153d\jsbin\src\pansrc\panel\TipsTextPanel.js.map
E:\github\sceneEdit\Laya3D\laya153d\laya153d\jsbin\src\pansrc\panel\WillDeletePanel.js
E:\github\sceneEdit\Laya3D\laya153d\laya153d\jsbin\src\pansrc\panel\WillDeletePanel.js.map
E:\github\sceneEdit\Laya3D\laya153d\laya153d\jsbin\src\pansrc\Scene3dLaya3dSprite.js
E:\github\sceneEdit\Laya3D\laya153d\laya153d\jsbin\src\pansrc\Scene3dLaya3dSprite.js.map
