E:\github\sceneEdit\mizmain\feiji\feiji\jsbin\Game3dDemo.js
E:\github\sceneEdit\mizmain\feiji\feiji\jsbin\Game3dDemo.js.map
E:\github\sceneEdit\mizmain\feiji\feiji\jsbin\Game2dDemo.js
E:\github\sceneEdit\mizmain\feiji\feiji\jsbin\Game2dDemo.js.map
E:\github\sceneEdit\mizmain\feiji\feiji\jsbin\LayaLaunch.js
E:\github\sceneEdit\mizmain\feiji\feiji\jsbin\LayaLaunch.js.map
E:\github\sceneEdit\mizmain\feiji\feiji\jsbin\marmoset\Marmoset3dScene.js
E:\github\sceneEdit\mizmain\feiji\feiji\jsbin\marmoset\Marmoset3dScene.js.map
E:\github\sceneEdit\mizmain\feiji\feiji\jsbin\marmoset\MarmosetLaunch.js
E:\github\sceneEdit\mizmain\feiji\feiji\jsbin\marmoset\MarmosetLaunch.js.map
E:\github\sceneEdit\mizmain\feiji\feiji\jsbin\marmoset\MarmosetLightVo.js
E:\github\sceneEdit\mizmain\feiji\feiji\jsbin\marmoset\MarmosetLightVo.js.map
E:\github\sceneEdit\mizmain\feiji\feiji\jsbin\marmoset\MarmosetModel.js
E:\github\sceneEdit\mizmain\feiji\feiji\jsbin\marmoset\MarmosetModel.js.map
E:\github\sceneEdit\mizmain\feiji\feiji\jsbin\marmoset\Mars3Dmesh.js
E:\github\sceneEdit\mizmain\feiji\feiji\jsbin\marmoset\Mars3Dmesh.js.map
E:\github\sceneEdit\mizmain\feiji\feiji\jsbin\marmoset\PicShowDiplay3dSprite.js
E:\github\sceneEdit\mizmain\feiji\feiji\jsbin\marmoset\PicShowDiplay3dSprite.js.map
E:\github\sceneEdit\mizmain\feiji\feiji\jsbin\SceneLevel.js
E:\github\sceneEdit\mizmain\feiji\feiji\jsbin\SceneLevel.js.map
