E:\github\sceneEdit\lou16\lou16\lou16\jsbin\Game3dDemo.js
E:\github\sceneEdit\lou16\lou16\lou16\jsbin\Game3dDemo.js.map
E:\github\sceneEdit\lou16\lou16\lou16\jsbin\Game2dDemo.js
E:\github\sceneEdit\lou16\lou16\lou16\jsbin\Game2dDemo.js.map
E:\github\sceneEdit\lou16\lou16\lou16\jsbin\Launch14lou.js
E:\github\sceneEdit\lou16\lou16\lou16\jsbin\Launch14lou.js.map
E:\github\sceneEdit\lou16\lou16\lou16\jsbin\LayaLaunch.js
E:\github\sceneEdit\lou16\lou16\lou16\jsbin\LayaLaunch.js.map
E:\github\sceneEdit\lou16\lou16\lou16\jsbin\pan_\CharAction.js
E:\github\sceneEdit\lou16\lou16\lou16\jsbin\pan_\CharAction.js.map
E:\github\sceneEdit\lou16\lou16\lou16\jsbin\pan_\PanBuffManager.js
E:\github\sceneEdit\lou16\lou16\lou16\jsbin\pan_\PanBuffManager.js.map
E:\github\sceneEdit\lou16\lou16\lou16\jsbin\pan_\PanEngine.js
E:\github\sceneEdit\lou16\lou16\lou16\jsbin\pan_\PanEngine.js.map
E:\github\sceneEdit\lou16\lou16\lou16\jsbin\pan_\PanScene.js
E:\github\sceneEdit\lou16\lou16\lou16\jsbin\pan_\PanScene.js.map
E:\github\sceneEdit\lou16\lou16\lou16\jsbin\pan_\PanSceneSprite.js
E:\github\sceneEdit\lou16\lou16\lou16\jsbin\pan_\PanSceneSprite.js.map
E:\github\sceneEdit\lou16\lou16\lou16\jsbin\pan_\SceneChar.js
E:\github\sceneEdit\lou16\lou16\lou16\jsbin\pan_\SceneChar.js.map
