D:\github\sceneEdit\BaseUi\BaseUi\jsbin\pan3d\engine\utils\Base64.js
D:\github\sceneEdit\BaseUi\BaseUi\jsbin\pan3d\engine\utils\Base64.js.map
D:\github\sceneEdit\BaseUi\BaseUi\jsbin\src\BaseUiStart.js
D:\github\sceneEdit\BaseUi\BaseUi\jsbin\src\BaseUiStart.js.map
D:\github\sceneEdit\BaseUi\BaseUi\jsbin\src\layout\LayBaseTab.js
D:\github\sceneEdit\BaseUi\BaseUi\jsbin\src\layout\LayBaseTab.js.map
D:\github\sceneEdit\BaseUi\BaseUi\jsbin\src\layout\LayerManager.js
D:\github\sceneEdit\BaseUi\BaseUi\jsbin\src\layout\LayerManager.js.map
D:\github\sceneEdit\BaseUi\BaseUi\jsbin\src\layout\LayoutbaseBg.js
D:\github\sceneEdit\BaseUi\BaseUi\jsbin\src\layout\LayoutbaseBg.js.map
D:\github\sceneEdit\BaseUi\BaseUi\jsbin\src\layout\LayoutNode.js
D:\github\sceneEdit\BaseUi\BaseUi\jsbin\src\layout\LayoutNode.js.map
D:\github\sceneEdit\BaseUi\BaseUi\jsbin\src\layout\LayUICompenent.js
D:\github\sceneEdit\BaseUi\BaseUi\jsbin\src\layout\LayUICompenent.js.map
D:\github\sceneEdit\BaseUi\BaseUi\jsbin\src\layout\LayUIManager.js
D:\github\sceneEdit\BaseUi\BaseUi\jsbin\src\layout\LayUIManager.js.map
D:\github\sceneEdit\BaseUi\BaseUi\jsbin\src\layout\Panel.js
D:\github\sceneEdit\BaseUi\BaseUi\jsbin\src\layout\Panel.js.map
D:\github\sceneEdit\BaseUi\BaseUi\jsbin\src\layout\ResponseSprite.js
D:\github\sceneEdit\BaseUi\BaseUi\jsbin\src\layout\ResponseSprite.js.map
D:\github\sceneEdit\BaseUi\BaseUi\jsbin\src\layout\Sprite.js
D:\github\sceneEdit\BaseUi\BaseUi\jsbin\src\layout\Sprite.js.map
D:\github\sceneEdit\BaseUi\BaseUi\jsbin\src\layout\TabPanel.js
D:\github\sceneEdit\BaseUi\BaseUi\jsbin\src\layout\TabPanel.js.map
D:\github\sceneEdit\BaseUi\BaseUi\jsbin\src\panel\editscene\EditSceneLine.js
D:\github\sceneEdit\BaseUi\BaseUi\jsbin\src\panel\editscene\EditSceneLine.js.map
D:\github\sceneEdit\BaseUi\BaseUi\jsbin\src\panel\editscene\EditScenePanel.js
D:\github\sceneEdit\BaseUi\BaseUi\jsbin\src\panel\editscene\EditScenePanel.js.map
D:\github\sceneEdit\BaseUi\BaseUi\jsbin\src\panel\editscene\EditSceneProcessor.js
D:\github\sceneEdit\BaseUi\BaseUi\jsbin\src\panel\editscene\EditSceneProcessor.js.map
D:\github\sceneEdit\BaseUi\BaseUi\jsbin\src\panel\editscene\EditSceneLineVertical.js
D:\github\sceneEdit\BaseUi\BaseUi\jsbin\src\panel\editscene\EditSceneLineVertical.js.map
D:\github\sceneEdit\BaseUi\BaseUi\jsbin\src\panel\folder\BaseFolderWindow.js
D:\github\sceneEdit\BaseUi\BaseUi\jsbin\src\panel\folder\BaseFolderWindow.js.map
D:\github\sceneEdit\BaseUi\BaseUi\jsbin\src\panel\folder\FileListPanel.js
D:\github\sceneEdit\BaseUi\BaseUi\jsbin\src\panel\folder\FileListPanel.js.map
D:\github\sceneEdit\BaseUi\BaseUi\jsbin\src\panel\folder\FolderPanel.js
D:\github\sceneEdit\BaseUi\BaseUi\jsbin\src\panel\folder\FolderPanel.js.map
D:\github\sceneEdit\BaseUi\BaseUi\jsbin\src\panel\folder\FolderProcessor.js
D:\github\sceneEdit\BaseUi\BaseUi\jsbin\src\panel\folder\FolderProcessor.js.map
D:\github\sceneEdit\BaseUi\BaseUi\jsbin\src\panel\folder\OssFolderPanel.js
D:\github\sceneEdit\BaseUi\BaseUi\jsbin\src\panel\folder\OssFolderPanel.js.map
D:\github\sceneEdit\BaseUi\BaseUi\jsbin\src\filemodel\FileModel.js
D:\github\sceneEdit\BaseUi\BaseUi\jsbin\src\filemodel\FileModel.js.map
D:\github\sceneEdit\BaseUi\BaseUi\jsbin\pan3dinit\mainpan3d.js
D:\github\sceneEdit\BaseUi\BaseUi\jsbin\pan3dinit\mainpan3d.js.map
D:\github\sceneEdit\BaseUi\BaseUi\jsbin\pan3dinit\scene2d\AppDataArpg.js
D:\github\sceneEdit\BaseUi\BaseUi\jsbin\pan3dinit\scene2d\AppDataArpg.js.map
D:\github\sceneEdit\BaseUi\BaseUi\jsbin\pan3dinit\scene2d\CanvasPostionModel.js
D:\github\sceneEdit\BaseUi\BaseUi\jsbin\pan3dinit\scene2d\CanvasPostionModel.js.map
D:\github\sceneEdit\BaseUi\BaseUi\jsbin\pan3dinit\scene2d\GroundModel.js
D:\github\sceneEdit\BaseUi\BaseUi\jsbin\pan3dinit\scene2d\GroundModel.js.map
D:\github\sceneEdit\BaseUi\BaseUi\jsbin\pan3dinit\scene2d\override2d\Override2dEngine.js
D:\github\sceneEdit\BaseUi\BaseUi\jsbin\pan3dinit\scene2d\override2d\Override2dEngine.js.map
D:\github\sceneEdit\BaseUi\BaseUi\jsbin\pan3dinit\scene2d\override2d\Override2dSceneManager.js
D:\github\sceneEdit\BaseUi\BaseUi\jsbin\pan3dinit\scene2d\override2d\Override2dSceneManager.js.map
D:\github\sceneEdit\BaseUi\BaseUi\jsbin\pan3dinit\scene2d\Scene2dChar.js
D:\github\sceneEdit\BaseUi\BaseUi\jsbin\pan3dinit\scene2d\Scene2dChar.js.map
D:\github\sceneEdit\BaseUi\BaseUi\jsbin\pan3dinit\scene2d\Scene2dInit.js
D:\github\sceneEdit\BaseUi\BaseUi\jsbin\pan3dinit\scene2d\Scene2dInit.js.map
D:\github\sceneEdit\BaseUi\BaseUi\jsbin\pan3dinit\scene3d\override\OverrideBloodManager.js
D:\github\sceneEdit\BaseUi\BaseUi\jsbin\pan3dinit\scene3d\override\OverrideBloodManager.js.map
D:\github\sceneEdit\BaseUi\BaseUi\jsbin\pan3dinit\scene3d\override\OverrideEngine.js
D:\github\sceneEdit\BaseUi\BaseUi\jsbin\pan3dinit\scene3d\override\OverrideEngine.js.map
D:\github\sceneEdit\BaseUi\BaseUi\jsbin\pan3dinit\scene3d\override\OverrideSceneManager.js
D:\github\sceneEdit\BaseUi\BaseUi\jsbin\pan3dinit\scene3d\override\OverrideSceneManager.js.map
D:\github\sceneEdit\BaseUi\BaseUi\jsbin\pan3dinit\scene3d\Scene3dInit.js
D:\github\sceneEdit\BaseUi\BaseUi\jsbin\pan3dinit\scene3d\Scene3dInit.js.map
D:\github\sceneEdit\BaseUi\BaseUi\jsbin\pan3dinit\scenedis\CharModelShow.js
D:\github\sceneEdit\BaseUi\BaseUi\jsbin\pan3dinit\scenedis\CharModelShow.js.map
D:\github\sceneEdit\BaseUi\BaseUi\jsbin\pan3dinit\scenedis\CharSkillPlayModel.js
D:\github\sceneEdit\BaseUi\BaseUi\jsbin\pan3dinit\scenedis\CharSkillPlayModel.js.map
D:\github\sceneEdit\BaseUi\BaseUi\jsbin\pan3dinit\scenedis\ModelSceneChar.js
D:\github\sceneEdit\BaseUi\BaseUi\jsbin\pan3dinit\scenedis\ModelSceneChar.js.map
D:\github\sceneEdit\BaseUi\BaseUi\jsbin\pan3dinit\scenedis\ModelshowMouseManager.js
D:\github\sceneEdit\BaseUi\BaseUi\jsbin\pan3dinit\scenedis\ModelshowMouseManager.js.map
D:\github\sceneEdit\BaseUi\BaseUi\jsbin\pan3dinit\scenedis\SceneMouseEventModel.js
D:\github\sceneEdit\BaseUi\BaseUi\jsbin\pan3dinit\scenedis\SceneMouseEventModel.js.map
D:\github\sceneEdit\BaseUi\BaseUi\jsbin\pan3dinit\scenedis\SkillSceneChar.js
D:\github\sceneEdit\BaseUi\BaseUi\jsbin\pan3dinit\scenedis\SkillSceneChar.js.map
D:\github\sceneEdit\BaseUi\BaseUi\jsbin\pan3d\baseprite\BaseProcessor.js
D:\github\sceneEdit\BaseUi\BaseUi\jsbin\pan3d\baseprite\BaseProcessor.js.map
D:\github\sceneEdit\BaseUi\BaseUi\jsbin\pan3d\baseprite\CharAction.js
D:\github\sceneEdit\BaseUi\BaseUi\jsbin\pan3d\baseprite\CharAction.js.map
D:\github\sceneEdit\BaseUi\BaseUi\jsbin\pan3d\baseprite\GameInstance.js
D:\github\sceneEdit\BaseUi\BaseUi\jsbin\pan3d\baseprite\GameInstance.js.map
D:\github\sceneEdit\BaseUi\BaseUi\jsbin\pan3d\baseprite\GameMouseManager.js
D:\github\sceneEdit\BaseUi\BaseUi\jsbin\pan3d\baseprite\GameMouseManager.js.map
D:\github\sceneEdit\BaseUi\BaseUi\jsbin\pan3d\baseprite\GameStart.js
D:\github\sceneEdit\BaseUi\BaseUi\jsbin\pan3d\baseprite\GameStart.js.map
D:\github\sceneEdit\BaseUi\BaseUi\jsbin\pan3d\baseprite\MountChar.js
D:\github\sceneEdit\BaseUi\BaseUi\jsbin\pan3d\baseprite\MountChar.js.map
D:\github\sceneEdit\BaseUi\BaseUi\jsbin\pan3d\baseprite\SceneBaseChar.js
D:\github\sceneEdit\BaseUi\BaseUi\jsbin\pan3d\baseprite\SceneBaseChar.js.map
D:\github\sceneEdit\BaseUi\BaseUi\jsbin\pan3d\baseprite\SceneChar.js
D:\github\sceneEdit\BaseUi\BaseUi\jsbin\pan3d\baseprite\SceneChar.js.map
D:\github\sceneEdit\BaseUi\BaseUi\jsbin\pan3d\baseprite\Unit.js
D:\github\sceneEdit\BaseUi\BaseUi\jsbin\pan3d\baseprite\Unit.js.map
D:\github\sceneEdit\BaseUi\BaseUi\jsbin\pan3d\engine\base\BitMapData.js
D:\github\sceneEdit\BaseUi\BaseUi\jsbin\pan3d\engine\base\BitMapData.js.map
D:\github\sceneEdit\BaseUi\BaseUi\jsbin\pan3d\engine\base\Camera3D.js
D:\github\sceneEdit\BaseUi\BaseUi\jsbin\pan3d\engine\base\Camera3D.js.map
D:\github\sceneEdit\BaseUi\BaseUi\jsbin\pan3d\engine\base\ColorType.js
D:\github\sceneEdit\BaseUi\BaseUi\jsbin\pan3d\engine\base\ColorType.js.map
D:\github\sceneEdit\BaseUi\BaseUi\jsbin\pan3d\engine\base\Dictionary.js
D:\github\sceneEdit\BaseUi\BaseUi\jsbin\pan3d\engine\base\Dictionary.js.map
D:\github\sceneEdit\BaseUi\BaseUi\jsbin\pan3d\engine\base\GC.js
D:\github\sceneEdit\BaseUi\BaseUi\jsbin\pan3d\engine\base\GC.js.map
D:\github\sceneEdit\BaseUi\BaseUi\jsbin\pan3d\engine\base\MeshData.js
D:\github\sceneEdit\BaseUi\BaseUi\jsbin\pan3d\engine\base\MeshData.js.map
D:\github\sceneEdit\BaseUi\BaseUi\jsbin\pan3d\engine\base\ObjData.js
D:\github\sceneEdit\BaseUi\BaseUi\jsbin\pan3d\engine\base\ObjData.js.map
D:\github\sceneEdit\BaseUi\BaseUi\jsbin\pan3d\engine\base\Object3D.js
D:\github\sceneEdit\BaseUi\BaseUi\jsbin\pan3d\engine\base\Object3D.js.map
D:\github\sceneEdit\BaseUi\BaseUi\jsbin\pan3d\engine\base\ResCount.js
D:\github\sceneEdit\BaseUi\BaseUi\jsbin\pan3d\engine\base\ResCount.js.map
D:\github\sceneEdit\BaseUi\BaseUi\jsbin\pan3d\engine\base\ResGC.js
D:\github\sceneEdit\BaseUi\BaseUi\jsbin\pan3d\engine\base\ResGC.js.map
D:\github\sceneEdit\BaseUi\BaseUi\jsbin\pan3d\engine\context\Context3D.js
D:\github\sceneEdit\BaseUi\BaseUi\jsbin\pan3d\engine\context\Context3D.js.map
D:\github\sceneEdit\BaseUi\BaseUi\jsbin\pan3d\engine\context\Scene_data.js
D:\github\sceneEdit\BaseUi\BaseUi\jsbin\pan3d\engine\context\Scene_data.js.map
D:\github\sceneEdit\BaseUi\BaseUi\jsbin\pan3d\engine\display3D\BaseDiplay3dSprite.js
D:\github\sceneEdit\BaseUi\BaseUi\jsbin\pan3d\engine\display3D\BaseDiplay3dSprite.js.map
D:\github\sceneEdit\BaseUi\BaseUi\jsbin\pan3d\engine\display3D\Display2dMovie.js
D:\github\sceneEdit\BaseUi\BaseUi\jsbin\pan3d\engine\display3D\Display2dMovie.js.map
D:\github\sceneEdit\BaseUi\BaseUi\jsbin\pan3d\engine\display3D\Display2DSprite.js
D:\github\sceneEdit\BaseUi\BaseUi\jsbin\pan3d\engine\display3D\Display2DSprite.js.map
D:\github\sceneEdit\BaseUi\BaseUi\jsbin\pan3d\engine\display3D\Display3D.js
D:\github\sceneEdit\BaseUi\BaseUi\jsbin\pan3d\engine\display3D\Display3D.js.map
D:\github\sceneEdit\BaseUi\BaseUi\jsbin\pan3d\engine\display3D\Display3dBatchMovie.js
D:\github\sceneEdit\BaseUi\BaseUi\jsbin\pan3d\engine\display3D\Display3dBatchMovie.js.map
D:\github\sceneEdit\BaseUi\BaseUi\jsbin\pan3d\engine\display3D\Display3dBg.js
D:\github\sceneEdit\BaseUi\BaseUi\jsbin\pan3d\engine\display3D\Display3dBg.js.map
D:\github\sceneEdit\BaseUi\BaseUi\jsbin\pan3d\engine\display3D\Display3dMovie.js
D:\github\sceneEdit\BaseUi\BaseUi\jsbin\pan3d\engine\display3D\Display3dMovie.js.map
D:\github\sceneEdit\BaseUi\BaseUi\jsbin\pan3d\engine\display3D\Display3dShadow.js
D:\github\sceneEdit\BaseUi\BaseUi\jsbin\pan3d\engine\display3D\Display3dShadow.js.map
D:\github\sceneEdit\BaseUi\BaseUi\jsbin\pan3d\engine\display3D\Display3DSky.js
D:\github\sceneEdit\BaseUi\BaseUi\jsbin\pan3d\engine\display3D\Display3DSky.js.map
D:\github\sceneEdit\BaseUi\BaseUi\jsbin\pan3d\engine\display3D\Display3DSprite.js
D:\github\sceneEdit\BaseUi\BaseUi\jsbin\pan3d\engine\display3D\Display3DSprite.js.map
D:\github\sceneEdit\BaseUi\BaseUi\jsbin\pan3d\engine\display3D\Display3DUISprite.js
D:\github\sceneEdit\BaseUi\BaseUi\jsbin\pan3d\engine\display3D\Display3DUISprite.js.map
D:\github\sceneEdit\BaseUi\BaseUi\jsbin\pan3d\engine\display3D\interfaces\IBind.js
D:\github\sceneEdit\BaseUi\BaseUi\jsbin\pan3d\engine\display3D\interfaces\IBind.js.map
D:\github\sceneEdit\BaseUi\BaseUi\jsbin\pan3d\engine\display3D\terrain\TerrainDisplay3DSprite.js
D:\github\sceneEdit\BaseUi\BaseUi\jsbin\pan3d\engine\display3D\terrain\TerrainDisplay3DSprite.js.map
D:\github\sceneEdit\BaseUi\BaseUi\jsbin\pan3d\engine\Engine.js
D:\github\sceneEdit\BaseUi\BaseUi\jsbin\pan3d\engine\Engine.js.map
D:\github\sceneEdit\BaseUi\BaseUi\jsbin\pan3d\engine\events\Event.js
D:\github\sceneEdit\BaseUi\BaseUi\jsbin\pan3d\engine\events\Event.js.map
D:\github\sceneEdit\BaseUi\BaseUi\jsbin\pan3d\engine\events\EventDispatcher.js
D:\github\sceneEdit\BaseUi\BaseUi\jsbin\pan3d\engine\events\EventDispatcher.js.map
D:\github\sceneEdit\BaseUi\BaseUi\jsbin\pan3d\engine\FpsStage.js
D:\github\sceneEdit\BaseUi\BaseUi\jsbin\pan3d\engine\FpsStage.js.map
D:\github\sceneEdit\BaseUi\BaseUi\jsbin\pan3d\engine\material\ConstItem.js
D:\github\sceneEdit\BaseUi\BaseUi\jsbin\pan3d\engine\material\ConstItem.js.map
D:\github\sceneEdit\BaseUi\BaseUi\jsbin\pan3d\engine\material\DynamicBaseConstItem.js
D:\github\sceneEdit\BaseUi\BaseUi\jsbin\pan3d\engine\material\DynamicBaseConstItem.js.map
D:\github\sceneEdit\BaseUi\BaseUi\jsbin\pan3d\engine\material\DynamicBaseTexItem.js
D:\github\sceneEdit\BaseUi\BaseUi\jsbin\pan3d\engine\material\DynamicBaseTexItem.js.map
D:\github\sceneEdit\BaseUi\BaseUi\jsbin\pan3d\engine\material\DynamicConstItem.js
D:\github\sceneEdit\BaseUi\BaseUi\jsbin\pan3d\engine\material\DynamicConstItem.js.map
D:\github\sceneEdit\BaseUi\BaseUi\jsbin\pan3d\engine\material\DynamicTexItem.js
D:\github\sceneEdit\BaseUi\BaseUi\jsbin\pan3d\engine\material\DynamicTexItem.js.map
D:\github\sceneEdit\BaseUi\BaseUi\jsbin\pan3d\engine\material\Material.js
D:\github\sceneEdit\BaseUi\BaseUi\jsbin\pan3d\engine\material\Material.js.map
D:\github\sceneEdit\BaseUi\BaseUi\jsbin\pan3d\engine\material\MaterialBaseParam.js
D:\github\sceneEdit\BaseUi\BaseUi\jsbin\pan3d\engine\material\MaterialBaseParam.js.map
D:\github\sceneEdit\BaseUi\BaseUi\jsbin\pan3d\engine\material\MaterialManager.js
D:\github\sceneEdit\BaseUi\BaseUi\jsbin\pan3d\engine\material\MaterialManager.js.map
D:\github\sceneEdit\BaseUi\BaseUi\jsbin\pan3d\engine\material\MaterialParam.js
D:\github\sceneEdit\BaseUi\BaseUi\jsbin\pan3d\engine\material\MaterialParam.js.map
D:\github\sceneEdit\BaseUi\BaseUi\jsbin\pan3d\engine\material\TexItem.js
D:\github\sceneEdit\BaseUi\BaseUi\jsbin\pan3d\engine\material\TexItem.js.map
D:\github\sceneEdit\BaseUi\BaseUi\jsbin\pan3d\engine\material\TextureCube.js
D:\github\sceneEdit\BaseUi\BaseUi\jsbin\pan3d\engine\material\TextureCube.js.map
D:\github\sceneEdit\BaseUi\BaseUi\jsbin\pan3d\engine\material\TextureManager.js
D:\github\sceneEdit\BaseUi\BaseUi\jsbin\pan3d\engine\material\TextureManager.js.map
D:\github\sceneEdit\BaseUi\BaseUi\jsbin\pan3d\engine\material\TextureRes.js
D:\github\sceneEdit\BaseUi\BaseUi\jsbin\pan3d\engine\material\TextureRes.js.map
D:\github\sceneEdit\BaseUi\BaseUi\jsbin\pan3d\engine\math\Calculation.js
D:\github\sceneEdit\BaseUi\BaseUi\jsbin\pan3d\engine\math\Calculation.js.map
D:\github\sceneEdit\BaseUi\BaseUi\jsbin\pan3d\engine\math\Circle.js
D:\github\sceneEdit\BaseUi\BaseUi\jsbin\pan3d\engine\math\Circle.js.map
D:\github\sceneEdit\BaseUi\BaseUi\jsbin\pan3d\engine\math\Groundposition.js
D:\github\sceneEdit\BaseUi\BaseUi\jsbin\pan3d\engine\math\Groundposition.js.map
D:\github\sceneEdit\BaseUi\BaseUi\jsbin\pan3d\engine\math\MathClass.js
D:\github\sceneEdit\BaseUi\BaseUi\jsbin\pan3d\engine\math\MathClass.js.map
D:\github\sceneEdit\BaseUi\BaseUi\jsbin\pan3d\engine\math\MathUtil.js
D:\github\sceneEdit\BaseUi\BaseUi\jsbin\pan3d\engine\math\MathUtil.js.map
D:\github\sceneEdit\BaseUi\BaseUi\jsbin\pan3d\engine\math\Matrix3D.js
D:\github\sceneEdit\BaseUi\BaseUi\jsbin\pan3d\engine\math\Matrix3D.js.map
D:\github\sceneEdit\BaseUi\BaseUi\jsbin\pan3d\engine\math\Pan3dByteArray.js
D:\github\sceneEdit\BaseUi\BaseUi\jsbin\pan3d\engine\math\Pan3dByteArray.js.map
D:\github\sceneEdit\BaseUi\BaseUi\jsbin\pan3d\engine\math\Quaternion.js
D:\github\sceneEdit\BaseUi\BaseUi\jsbin\pan3d\engine\math\Quaternion.js.map
D:\github\sceneEdit\BaseUi\BaseUi\jsbin\pan3d\engine\math\Rectangle.js
D:\github\sceneEdit\BaseUi\BaseUi\jsbin\pan3d\engine\math\Rectangle.js.map
D:\github\sceneEdit\BaseUi\BaseUi\jsbin\pan3d\engine\math\TestTriangle.js
D:\github\sceneEdit\BaseUi\BaseUi\jsbin\pan3d\engine\math\TestTriangle.js.map
D:\github\sceneEdit\BaseUi\BaseUi\jsbin\pan3d\engine\math\Vector2D.js
D:\github\sceneEdit\BaseUi\BaseUi\jsbin\pan3d\engine\math\Vector2D.js.map
D:\github\sceneEdit\BaseUi\BaseUi\jsbin\pan3d\engine\math\Vector3D.js
D:\github\sceneEdit\BaseUi\BaseUi\jsbin\pan3d\engine\math\Vector3D.js.map
D:\github\sceneEdit\BaseUi\BaseUi\jsbin\pan3d\engine\net\NetManager.js
D:\github\sceneEdit\BaseUi\BaseUi\jsbin\pan3d\engine\net\NetManager.js.map
D:\github\sceneEdit\BaseUi\BaseUi\jsbin\pan3d\engine\net\obj\BinLogStru.js
D:\github\sceneEdit\BaseUi\BaseUi\jsbin\pan3d\engine\net\obj\BinLogStru.js.map
D:\github\sceneEdit\BaseUi\BaseUi\jsbin\pan3d\engine\net\obj\GuidObject.js
D:\github\sceneEdit\BaseUi\BaseUi\jsbin\pan3d\engine\net\obj\GuidObject.js.map
D:\github\sceneEdit\BaseUi\BaseUi\jsbin\pan3d\engine\net\obj\GuidObjectTable.js
D:\github\sceneEdit\BaseUi\BaseUi\jsbin\pan3d\engine\net\obj\GuidObjectTable.js.map
D:\github\sceneEdit\BaseUi\BaseUi\jsbin\pan3d\engine\net\obj\NetEventDispatcher.js
D:\github\sceneEdit\BaseUi\BaseUi\jsbin\pan3d\engine\net\obj\NetEventDispatcher.js.map
D:\github\sceneEdit\BaseUi\BaseUi\jsbin\pan3d\engine\net\obj\ObjectDef.js
D:\github\sceneEdit\BaseUi\BaseUi\jsbin\pan3d\engine\net\obj\ObjectDef.js.map
D:\github\sceneEdit\BaseUi\BaseUi\jsbin\pan3d\engine\net\obj\StringIndexer.js
D:\github\sceneEdit\BaseUi\BaseUi\jsbin\pan3d\engine\net\obj\StringIndexer.js.map
D:\github\sceneEdit\BaseUi\BaseUi\jsbin\pan3d\engine\net\obj\SyncEvent.js
D:\github\sceneEdit\BaseUi\BaseUi\jsbin\pan3d\engine\net\obj\SyncEvent.js.map
D:\github\sceneEdit\BaseUi\BaseUi\jsbin\pan3d\engine\net\obj\SyncEventFilter.js
D:\github\sceneEdit\BaseUi\BaseUi\jsbin\pan3d\engine\net\obj\SyncEventFilter.js.map
D:\github\sceneEdit\BaseUi\BaseUi\jsbin\pan3d\engine\net\obj\SyncEventRecorder.js
D:\github\sceneEdit\BaseUi\BaseUi\jsbin\pan3d\engine\net\obj\SyncEventRecorder.js.map
D:\github\sceneEdit\BaseUi\BaseUi\jsbin\pan3d\engine\net\obj\UpdateMask.js
D:\github\sceneEdit\BaseUi\BaseUi\jsbin\pan3d\engine\net\obj\UpdateMask.js.map
D:\github\sceneEdit\BaseUi\BaseUi\jsbin\pan3d\engine\net\script\clientmsg.js
D:\github\sceneEdit\BaseUi\BaseUi\jsbin\pan3d\engine\net\script\clientmsg.js.map
D:\github\sceneEdit\BaseUi\BaseUi\jsbin\pan3d\engine\net\script\clientstru.js
D:\github\sceneEdit\BaseUi\BaseUi\jsbin\pan3d\engine\net\script\clientstru.js.map
D:\github\sceneEdit\BaseUi\BaseUi\jsbin\pan3d\engine\net\script\Protocols.js
D:\github\sceneEdit\BaseUi\BaseUi\jsbin\pan3d\engine\net\script\Protocols.js.map
D:\github\sceneEdit\BaseUi\BaseUi\jsbin\pan3d\engine\particle\ball\Display3DBallPartilce.js
D:\github\sceneEdit\BaseUi\BaseUi\jsbin\pan3d\engine\particle\ball\Display3DBallPartilce.js.map
D:\github\sceneEdit\BaseUi\BaseUi\jsbin\pan3d\engine\particle\ball\Display3DBallShader.js
D:\github\sceneEdit\BaseUi\BaseUi\jsbin\pan3d\engine\particle\ball\Display3DBallShader.js.map
D:\github\sceneEdit\BaseUi\BaseUi\jsbin\pan3d\engine\particle\ball\ParticleBallData.js
D:\github\sceneEdit\BaseUi\BaseUi\jsbin\pan3d\engine\particle\ball\ParticleBallData.js.map
D:\github\sceneEdit\BaseUi\BaseUi\jsbin\pan3d\engine\particle\ball\ParticleBallGpuData.js
D:\github\sceneEdit\BaseUi\BaseUi\jsbin\pan3d\engine\particle\ball\ParticleBallGpuData.js.map
D:\github\sceneEdit\BaseUi\BaseUi\jsbin\pan3d\engine\particle\bone\Display3DBonePartilce.js
D:\github\sceneEdit\BaseUi\BaseUi\jsbin\pan3d\engine\particle\bone\Display3DBonePartilce.js.map
D:\github\sceneEdit\BaseUi\BaseUi\jsbin\pan3d\engine\particle\bone\ParticleBoneData.js
D:\github\sceneEdit\BaseUi\BaseUi\jsbin\pan3d\engine\particle\bone\ParticleBoneData.js.map
D:\github\sceneEdit\BaseUi\BaseUi\jsbin\pan3d\engine\particle\CombineParticle.js
D:\github\sceneEdit\BaseUi\BaseUi\jsbin\pan3d\engine\particle\CombineParticle.js.map
D:\github\sceneEdit\BaseUi\BaseUi\jsbin\pan3d\engine\particle\CombineParticleData.js
D:\github\sceneEdit\BaseUi\BaseUi\jsbin\pan3d\engine\particle\CombineParticleData.js.map
D:\github\sceneEdit\BaseUi\BaseUi\jsbin\pan3d\engine\particle\ctrl\AxisMove.js
D:\github\sceneEdit\BaseUi\BaseUi\jsbin\pan3d\engine\particle\ctrl\AxisMove.js.map
D:\github\sceneEdit\BaseUi\BaseUi\jsbin\pan3d\engine\particle\ctrl\AxisRotaion.js
D:\github\sceneEdit\BaseUi\BaseUi\jsbin\pan3d\engine\particle\ctrl\AxisRotaion.js.map
D:\github\sceneEdit\BaseUi\BaseUi\jsbin\pan3d\engine\particle\ctrl\BaseAnim.js
D:\github\sceneEdit\BaseUi\BaseUi\jsbin\pan3d\engine\particle\ctrl\BaseAnim.js.map
D:\github\sceneEdit\BaseUi\BaseUi\jsbin\pan3d\engine\particle\ctrl\KeyFrame.js
D:\github\sceneEdit\BaseUi\BaseUi\jsbin\pan3d\engine\particle\ctrl\KeyFrame.js.map
D:\github\sceneEdit\BaseUi\BaseUi\jsbin\pan3d\engine\particle\ctrl\ScaleAnim.js
D:\github\sceneEdit\BaseUi\BaseUi\jsbin\pan3d\engine\particle\ctrl\ScaleAnim.js.map
D:\github\sceneEdit\BaseUi\BaseUi\jsbin\pan3d\engine\particle\ctrl\ScaleChange.js
D:\github\sceneEdit\BaseUi\BaseUi\jsbin\pan3d\engine\particle\ctrl\ScaleChange.js.map
D:\github\sceneEdit\BaseUi\BaseUi\jsbin\pan3d\engine\particle\ctrl\ScaleNoise.js
D:\github\sceneEdit\BaseUi\BaseUi\jsbin\pan3d\engine\particle\ctrl\ScaleNoise.js.map
D:\github\sceneEdit\BaseUi\BaseUi\jsbin\pan3d\engine\particle\ctrl\SelfRotation.js
D:\github\sceneEdit\BaseUi\BaseUi\jsbin\pan3d\engine\particle\ctrl\SelfRotation.js.map
D:\github\sceneEdit\BaseUi\BaseUi\jsbin\pan3d\engine\particle\ctrl\TimeLine.js
D:\github\sceneEdit\BaseUi\BaseUi\jsbin\pan3d\engine\particle\ctrl\TimeLine.js.map
D:\github\sceneEdit\BaseUi\BaseUi\jsbin\pan3d\engine\particle\ctrl\TimeLineData.js
D:\github\sceneEdit\BaseUi\BaseUi\jsbin\pan3d\engine\particle\ctrl\TimeLineData.js.map
D:\github\sceneEdit\BaseUi\BaseUi\jsbin\pan3d\engine\particle\Display3DParticle.js
D:\github\sceneEdit\BaseUi\BaseUi\jsbin\pan3d\engine\particle\Display3DParticle.js.map
D:\github\sceneEdit\BaseUi\BaseUi\jsbin\pan3d\engine\particle\facet\Display3DFacetParticle.js
D:\github\sceneEdit\BaseUi\BaseUi\jsbin\pan3d\engine\particle\facet\Display3DFacetParticle.js.map
D:\github\sceneEdit\BaseUi\BaseUi\jsbin\pan3d\engine\particle\facet\Display3DFacetShader.js
D:\github\sceneEdit\BaseUi\BaseUi\jsbin\pan3d\engine\particle\facet\Display3DFacetShader.js.map
D:\github\sceneEdit\BaseUi\BaseUi\jsbin\pan3d\engine\particle\facet\ParticleFacetData.js
D:\github\sceneEdit\BaseUi\BaseUi\jsbin\pan3d\engine\particle\facet\ParticleFacetData.js.map
D:\github\sceneEdit\BaseUi\BaseUi\jsbin\pan3d\engine\particle\followlocus\Display3DFollowLocusPartilce.js
D:\github\sceneEdit\BaseUi\BaseUi\jsbin\pan3d\engine\particle\followlocus\Display3DFollowLocusPartilce.js.map
D:\github\sceneEdit\BaseUi\BaseUi\jsbin\pan3d\engine\particle\followlocus\Display3DFollowLocusShader.js
D:\github\sceneEdit\BaseUi\BaseUi\jsbin\pan3d\engine\particle\followlocus\Display3DFollowLocusShader.js.map
D:\github\sceneEdit\BaseUi\BaseUi\jsbin\pan3d\engine\particle\followlocus\ParticleFollowLocusData.js
D:\github\sceneEdit\BaseUi\BaseUi\jsbin\pan3d\engine\particle\followlocus\ParticleFollowLocusData.js.map
D:\github\sceneEdit\BaseUi\BaseUi\jsbin\pan3d\engine\particle\follow\Display3DFollowPartilce.js
D:\github\sceneEdit\BaseUi\BaseUi\jsbin\pan3d\engine\particle\follow\Display3DFollowPartilce.js.map
D:\github\sceneEdit\BaseUi\BaseUi\jsbin\pan3d\engine\particle\follow\Display3DFollowShader.js
D:\github\sceneEdit\BaseUi\BaseUi\jsbin\pan3d\engine\particle\follow\Display3DFollowShader.js.map
D:\github\sceneEdit\BaseUi\BaseUi\jsbin\pan3d\engine\particle\follow\ParticleFollowData.js
D:\github\sceneEdit\BaseUi\BaseUi\jsbin\pan3d\engine\particle\follow\ParticleFollowData.js.map
D:\github\sceneEdit\BaseUi\BaseUi\jsbin\pan3d\engine\particle\locusball\Display3DLocusBallPartilce.js
D:\github\sceneEdit\BaseUi\BaseUi\jsbin\pan3d\engine\particle\locusball\Display3DLocusBallPartilce.js.map
D:\github\sceneEdit\BaseUi\BaseUi\jsbin\pan3d\engine\particle\locusball\ParticleLocusballData.js
D:\github\sceneEdit\BaseUi\BaseUi\jsbin\pan3d\engine\particle\locusball\ParticleLocusballData.js.map
D:\github\sceneEdit\BaseUi\BaseUi\jsbin\pan3d\engine\particle\locus\Display3DLocusPartilce.js
D:\github\sceneEdit\BaseUi\BaseUi\jsbin\pan3d\engine\particle\locus\Display3DLocusPartilce.js.map
D:\github\sceneEdit\BaseUi\BaseUi\jsbin\pan3d\engine\particle\locus\Display3DLocusShader.js
D:\github\sceneEdit\BaseUi\BaseUi\jsbin\pan3d\engine\particle\locus\Display3DLocusShader.js.map
D:\github\sceneEdit\BaseUi\BaseUi\jsbin\pan3d\engine\particle\locus\ParticleLocusData.js
D:\github\sceneEdit\BaseUi\BaseUi\jsbin\pan3d\engine\particle\locus\ParticleLocusData.js.map
D:\github\sceneEdit\BaseUi\BaseUi\jsbin\pan3d\engine\particle\model\Display3dModelAnimParticle.js
D:\github\sceneEdit\BaseUi\BaseUi\jsbin\pan3d\engine\particle\model\Display3dModelAnimParticle.js.map
D:\github\sceneEdit\BaseUi\BaseUi\jsbin\pan3d\engine\particle\model\Display3DModelObjParticle.js
D:\github\sceneEdit\BaseUi\BaseUi\jsbin\pan3d\engine\particle\model\Display3DModelObjParticle.js.map
D:\github\sceneEdit\BaseUi\BaseUi\jsbin\pan3d\engine\particle\model\Display3DModelPartilce.js
D:\github\sceneEdit\BaseUi\BaseUi\jsbin\pan3d\engine\particle\model\Display3DModelPartilce.js.map
D:\github\sceneEdit\BaseUi\BaseUi\jsbin\pan3d\engine\particle\model\ParticleModelData.js
D:\github\sceneEdit\BaseUi\BaseUi\jsbin\pan3d\engine\particle\model\ParticleModelData.js.map
D:\github\sceneEdit\BaseUi\BaseUi\jsbin\pan3d\engine\particle\ParticleData.js
D:\github\sceneEdit\BaseUi\BaseUi\jsbin\pan3d\engine\particle\ParticleData.js.map
D:\github\sceneEdit\BaseUi\BaseUi\jsbin\pan3d\engine\particle\ParticleGpuData.js
D:\github\sceneEdit\BaseUi\BaseUi\jsbin\pan3d\engine\particle\ParticleGpuData.js.map
D:\github\sceneEdit\BaseUi\BaseUi\jsbin\pan3d\engine\particle\ParticleManager.js
D:\github\sceneEdit\BaseUi\BaseUi\jsbin\pan3d\engine\particle\ParticleManager.js.map
D:\github\sceneEdit\BaseUi\BaseUi\jsbin\pan3d\engine\program\BuildShader.js
D:\github\sceneEdit\BaseUi\BaseUi\jsbin\pan3d\engine\program\BuildShader.js.map
D:\github\sceneEdit\BaseUi\BaseUi\jsbin\pan3d\engine\program\Display3DShadowShader.js
D:\github\sceneEdit\BaseUi\BaseUi\jsbin\pan3d\engine\program\Display3DShadowShader.js.map
D:\github\sceneEdit\BaseUi\BaseUi\jsbin\pan3d\engine\program\MaterialAnimShader.js
D:\github\sceneEdit\BaseUi\BaseUi\jsbin\pan3d\engine\program\MaterialAnimShader.js.map
D:\github\sceneEdit\BaseUi\BaseUi\jsbin\pan3d\engine\program\MaterialBatchAnimShader.js
D:\github\sceneEdit\BaseUi\BaseUi\jsbin\pan3d\engine\program\MaterialBatchAnimShader.js.map
D:\github\sceneEdit\BaseUi\BaseUi\jsbin\pan3d\engine\program\MaterialShader.js
D:\github\sceneEdit\BaseUi\BaseUi\jsbin\pan3d\engine\program\MaterialShader.js.map
D:\github\sceneEdit\BaseUi\BaseUi\jsbin\pan3d\engine\program\Movie2DShader.js
D:\github\sceneEdit\BaseUi\BaseUi\jsbin\pan3d\engine\program\Movie2DShader.js.map
D:\github\sceneEdit\BaseUi\BaseUi\jsbin\pan3d\engine\program\ProgramManager.js
D:\github\sceneEdit\BaseUi\BaseUi\jsbin\pan3d\engine\program\ProgramManager.js.map
D:\github\sceneEdit\BaseUi\BaseUi\jsbin\pan3d\engine\program\Shader3D.js
D:\github\sceneEdit\BaseUi\BaseUi\jsbin\pan3d\engine\program\Shader3D.js.map
D:\github\sceneEdit\BaseUi\BaseUi\jsbin\pan3d\engine\program\SkyShader.js
D:\github\sceneEdit\BaseUi\BaseUi\jsbin\pan3d\engine\program\SkyShader.js.map
D:\github\sceneEdit\BaseUi\BaseUi\jsbin\pan3d\engine\program\Sprite2DShader.js
D:\github\sceneEdit\BaseUi\BaseUi\jsbin\pan3d\engine\program\Sprite2DShader.js.map
D:\github\sceneEdit\BaseUi\BaseUi\jsbin\pan3d\engine\program\TerrainDisplay3DShader.js
D:\github\sceneEdit\BaseUi\BaseUi\jsbin\pan3d\engine\program\TerrainDisplay3DShader.js.map
D:\github\sceneEdit\BaseUi\BaseUi\jsbin\pan3d\engine\program\UIImageShager.js
D:\github\sceneEdit\BaseUi\BaseUi\jsbin\pan3d\engine\program\UIImageShager.js.map
D:\github\sceneEdit\BaseUi\BaseUi\jsbin\pan3d\engine\program\UIMaskShader.js
D:\github\sceneEdit\BaseUi\BaseUi\jsbin\pan3d\engine\program\UIMaskShader.js.map
D:\github\sceneEdit\BaseUi\BaseUi\jsbin\pan3d\engine\program\UIShader.js
D:\github\sceneEdit\BaseUi\BaseUi\jsbin\pan3d\engine\program\UIShader.js.map
D:\github\sceneEdit\BaseUi\BaseUi\jsbin\pan3d\engine\scene\grldLevel\LineDisplayShader.js
D:\github\sceneEdit\BaseUi\BaseUi\jsbin\pan3d\engine\scene\grldLevel\LineDisplayShader.js.map
D:\github\sceneEdit\BaseUi\BaseUi\jsbin\pan3d\engine\scene\grldLevel\LineDisplaySprite.js
D:\github\sceneEdit\BaseUi\BaseUi\jsbin\pan3d\engine\scene\grldLevel\LineDisplaySprite.js.map
D:\github\sceneEdit\BaseUi\BaseUi\jsbin\pan3d\engine\scene\SceneManager.js
D:\github\sceneEdit\BaseUi\BaseUi\jsbin\pan3d\engine\scene\SceneManager.js.map
D:\github\sceneEdit\BaseUi\BaseUi\jsbin\pan3d\engine\scene\SceneRes.js
D:\github\sceneEdit\BaseUi\BaseUi\jsbin\pan3d\engine\scene\SceneRes.js.map
D:\github\sceneEdit\BaseUi\BaseUi\jsbin\pan3d\engine\scene\SceneResLow.js
D:\github\sceneEdit\BaseUi\BaseUi\jsbin\pan3d\engine\scene\SceneResLow.js.map
D:\github\sceneEdit\BaseUi\BaseUi\jsbin\pan3d\engine\scene\tree\QuadTreeNode.js
D:\github\sceneEdit\BaseUi\BaseUi\jsbin\pan3d\engine\scene\tree\QuadTreeNode.js.map
D:\github\sceneEdit\BaseUi\BaseUi\jsbin\pan3d\engine\scene\tree\SceneQuadTree.js
D:\github\sceneEdit\BaseUi\BaseUi\jsbin\pan3d\engine\scene\tree\SceneQuadTree.js.map
D:\github\sceneEdit\BaseUi\BaseUi\jsbin\pan3d\engine\scene\ViewFrustum.js
D:\github\sceneEdit\BaseUi\BaseUi\jsbin\pan3d\engine\scene\ViewFrustum.js.map
D:\github\sceneEdit\BaseUi\BaseUi\jsbin\pan3d\engine\skill\key\SkillEffect.js
D:\github\sceneEdit\BaseUi\BaseUi\jsbin\pan3d\engine\skill\key\SkillEffect.js.map
D:\github\sceneEdit\BaseUi\BaseUi\jsbin\pan3d\engine\skill\key\SkillFixEffect.js
D:\github\sceneEdit\BaseUi\BaseUi\jsbin\pan3d\engine\skill\key\SkillFixEffect.js.map
D:\github\sceneEdit\BaseUi\BaseUi\jsbin\pan3d\engine\skill\key\SkillKey.js
D:\github\sceneEdit\BaseUi\BaseUi\jsbin\pan3d\engine\skill\key\SkillKey.js.map
D:\github\sceneEdit\BaseUi\BaseUi\jsbin\pan3d\engine\skill\key\SkillMulTrajectory.js
D:\github\sceneEdit\BaseUi\BaseUi\jsbin\pan3d\engine\skill\key\SkillMulTrajectory.js.map
D:\github\sceneEdit\BaseUi\BaseUi\jsbin\pan3d\engine\skill\key\SkillTrajectory.js
D:\github\sceneEdit\BaseUi\BaseUi\jsbin\pan3d\engine\skill\key\SkillTrajectory.js.map
D:\github\sceneEdit\BaseUi\BaseUi\jsbin\pan3d\engine\skill\path\PathManager.js
D:\github\sceneEdit\BaseUi\BaseUi\jsbin\pan3d\engine\skill\path\PathManager.js.map
D:\github\sceneEdit\BaseUi\BaseUi\jsbin\pan3d\engine\skill\path\SkillMulPath.js
D:\github\sceneEdit\BaseUi\BaseUi\jsbin\pan3d\engine\skill\path\SkillMulPath.js.map
D:\github\sceneEdit\BaseUi\BaseUi\jsbin\pan3d\engine\skill\path\SkillPath.js
D:\github\sceneEdit\BaseUi\BaseUi\jsbin\pan3d\engine\skill\path\SkillPath.js.map
D:\github\sceneEdit\BaseUi\BaseUi\jsbin\pan3d\engine\skill\path\SkillSinPath.js
D:\github\sceneEdit\BaseUi\BaseUi\jsbin\pan3d\engine\skill\path\SkillSinPath.js.map
D:\github\sceneEdit\BaseUi\BaseUi\jsbin\pan3d\engine\skill\Skill.js
D:\github\sceneEdit\BaseUi\BaseUi\jsbin\pan3d\engine\skill\Skill.js.map
D:\github\sceneEdit\BaseUi\BaseUi\jsbin\pan3d\engine\skill\SkillData.js
D:\github\sceneEdit\BaseUi\BaseUi\jsbin\pan3d\engine\skill\SkillData.js.map
D:\github\sceneEdit\BaseUi\BaseUi\jsbin\pan3d\engine\skill\SkillManager.js
D:\github\sceneEdit\BaseUi\BaseUi\jsbin\pan3d\engine\skill\SkillManager.js.map
D:\github\sceneEdit\BaseUi\BaseUi\jsbin\pan3d\engine\skill\vo\SkillKeyVo.js
D:\github\sceneEdit\BaseUi\BaseUi\jsbin\pan3d\engine\skill\vo\SkillKeyVo.js.map
D:\github\sceneEdit\BaseUi\BaseUi\jsbin\pan3d\engine\skill\vo\SkillVo.js
D:\github\sceneEdit\BaseUi\BaseUi\jsbin\pan3d\engine\skill\vo\SkillVo.js.map
D:\github\sceneEdit\BaseUi\BaseUi\jsbin\pan3d\engine\ui\base\FrameUIRender.js
D:\github\sceneEdit\BaseUi\BaseUi\jsbin\pan3d\engine\ui\base\FrameUIRender.js.map
D:\github\sceneEdit\BaseUi\BaseUi\jsbin\pan3d\engine\ui\base\InteractiveEvent.js
D:\github\sceneEdit\BaseUi\BaseUi\jsbin\pan3d\engine\ui\base\InteractiveEvent.js.map
D:\github\sceneEdit\BaseUi\BaseUi\jsbin\pan3d\engine\ui\base\TextAlign.js
D:\github\sceneEdit\BaseUi\BaseUi\jsbin\pan3d\engine\ui\base\TextAlign.js.map
D:\github\sceneEdit\BaseUi\BaseUi\jsbin\pan3d\engine\ui\base\UIAtlas.js
D:\github\sceneEdit\BaseUi\BaseUi\jsbin\pan3d\engine\ui\base\UIAtlas.js.map
D:\github\sceneEdit\BaseUi\BaseUi\jsbin\pan3d\engine\ui\base\UIBackImg.js
D:\github\sceneEdit\BaseUi\BaseUi\jsbin\pan3d\engine\ui\base\UIBackImg.js.map
D:\github\sceneEdit\BaseUi\BaseUi\jsbin\pan3d\engine\ui\base\UICompenent.js
D:\github\sceneEdit\BaseUi\BaseUi\jsbin\pan3d\engine\ui\base\UICompenent.js.map
D:\github\sceneEdit\BaseUi\BaseUi\jsbin\pan3d\engine\ui\base\UIContainer.js
D:\github\sceneEdit\BaseUi\BaseUi\jsbin\pan3d\engine\ui\base\UIContainer.js.map
D:\github\sceneEdit\BaseUi\BaseUi\jsbin\pan3d\engine\ui\base\UIData.js
D:\github\sceneEdit\BaseUi\BaseUi\jsbin\pan3d\engine\ui\base\UIData.js.map
D:\github\sceneEdit\BaseUi\BaseUi\jsbin\pan3d\engine\ui\base\UIGridRectangle.js
D:\github\sceneEdit\BaseUi\BaseUi\jsbin\pan3d\engine\ui\base\UIGridRectangle.js.map
D:\github\sceneEdit\BaseUi\BaseUi\jsbin\pan3d\engine\ui\base\UIListRenderComponent.js
D:\github\sceneEdit\BaseUi\BaseUi\jsbin\pan3d\engine\ui\base\UIListRenderComponent.js.map
D:\github\sceneEdit\BaseUi\BaseUi\jsbin\pan3d\engine\ui\base\UIMask.js
D:\github\sceneEdit\BaseUi\BaseUi\jsbin\pan3d\engine\ui\base\UIMask.js.map
D:\github\sceneEdit\BaseUi\BaseUi\jsbin\pan3d\engine\ui\base\UIRectangle.js
D:\github\sceneEdit\BaseUi\BaseUi\jsbin\pan3d\engine\ui\base\UIRectangle.js.map
D:\github\sceneEdit\BaseUi\BaseUi\jsbin\pan3d\engine\ui\base\UIRenderComponent.js
D:\github\sceneEdit\BaseUi\BaseUi\jsbin\pan3d\engine\ui\base\UIRenderComponent.js.map
D:\github\sceneEdit\BaseUi\BaseUi\jsbin\pan3d\engine\ui\base\UIVirtualContainer.js
D:\github\sceneEdit\BaseUi\BaseUi\jsbin\pan3d\engine\ui\base\UIVirtualContainer.js.map
D:\github\sceneEdit\BaseUi\BaseUi\jsbin\pan3d\engine\ui\compenent\AlphaUiContianer.js
D:\github\sceneEdit\BaseUi\BaseUi\jsbin\pan3d\engine\ui\compenent\AlphaUiContianer.js.map
D:\github\sceneEdit\BaseUi\BaseUi\jsbin\pan3d\engine\ui\compenent\BaseButton.js
D:\github\sceneEdit\BaseUi\BaseUi\jsbin\pan3d\engine\ui\compenent\BaseButton.js.map
D:\github\sceneEdit\BaseUi\BaseUi\jsbin\pan3d\engine\ui\compenent\Button.js
D:\github\sceneEdit\BaseUi\BaseUi\jsbin\pan3d\engine\ui\compenent\Button.js.map
D:\github\sceneEdit\BaseUi\BaseUi\jsbin\pan3d\engine\ui\compenent\CdUICompenent.js
D:\github\sceneEdit\BaseUi\BaseUi\jsbin\pan3d\engine\ui\compenent\CdUICompenent.js.map
D:\github\sceneEdit\BaseUi\BaseUi\jsbin\pan3d\engine\ui\compenent\Dis2DUIContianerPanel.js
D:\github\sceneEdit\BaseUi\BaseUi\jsbin\pan3d\engine\ui\compenent\Dis2DUIContianerPanel.js.map
D:\github\sceneEdit\BaseUi\BaseUi\jsbin\pan3d\engine\ui\compenent\FrameCompenent.js
D:\github\sceneEdit\BaseUi\BaseUi\jsbin\pan3d\engine\ui\compenent\FrameCompenent.js.map
D:\github\sceneEdit\BaseUi\BaseUi\jsbin\pan3d\engine\ui\compenent\Grid9Compenent.js
D:\github\sceneEdit\BaseUi\BaseUi\jsbin\pan3d\engine\ui\compenent\Grid9Compenent.js.map
D:\github\sceneEdit\BaseUi\BaseUi\jsbin\pan3d\engine\ui\compenent\GridList.js
D:\github\sceneEdit\BaseUi\BaseUi\jsbin\pan3d\engine\ui\compenent\GridList.js.map
D:\github\sceneEdit\BaseUi\BaseUi\jsbin\pan3d\engine\ui\compenent\List.js
D:\github\sceneEdit\BaseUi\BaseUi\jsbin\pan3d\engine\ui\compenent\List.js.map
D:\github\sceneEdit\BaseUi\BaseUi\jsbin\pan3d\engine\ui\compenent\RoationUiContianer.js
D:\github\sceneEdit\BaseUi\BaseUi\jsbin\pan3d\engine\ui\compenent\RoationUiContianer.js.map
D:\github\sceneEdit\BaseUi\BaseUi\jsbin\pan3d\engine\ui\compenent\SelectButton.js
D:\github\sceneEdit\BaseUi\BaseUi\jsbin\pan3d\engine\ui\compenent\SelectButton.js.map
D:\github\sceneEdit\BaseUi\BaseUi\jsbin\pan3d\engine\ui\compenent\SList.js
D:\github\sceneEdit\BaseUi\BaseUi\jsbin\pan3d\engine\ui\compenent\SList.js.map
D:\github\sceneEdit\BaseUi\BaseUi\jsbin\pan3d\engine\ui\IconManager.js
D:\github\sceneEdit\BaseUi\BaseUi\jsbin\pan3d\engine\ui\IconManager.js.map
D:\github\sceneEdit\BaseUi\BaseUi\jsbin\pan3d\engine\ui\PuiData.js
D:\github\sceneEdit\BaseUi\BaseUi\jsbin\pan3d\engine\ui\PuiData.js.map
D:\github\sceneEdit\BaseUi\BaseUi\jsbin\pan3d\engine\ui\UILoading.js
D:\github\sceneEdit\BaseUi\BaseUi\jsbin\pan3d\engine\ui\UILoading.js.map
D:\github\sceneEdit\BaseUi\BaseUi\jsbin\pan3d\engine\ui\UIManager.js
D:\github\sceneEdit\BaseUi\BaseUi\jsbin\pan3d\engine\ui\UIManager.js.map
D:\github\sceneEdit\BaseUi\BaseUi\jsbin\pan3d\engine\ui\UIStage.js
D:\github\sceneEdit\BaseUi\BaseUi\jsbin\pan3d\engine\ui\UIStage.js.map
D:\github\sceneEdit\BaseUi\BaseUi\jsbin\pan3d\engine\utils\AnimManager.js
D:\github\sceneEdit\BaseUi\BaseUi\jsbin\pan3d\engine\utils\AnimManager.js.map
D:\github\sceneEdit\BaseUi\BaseUi\jsbin\pan3d\engine\utils\ArtFont.js
D:\github\sceneEdit\BaseUi\BaseUi\jsbin\pan3d\engine\utils\ArtFont.js.map
D:\github\sceneEdit\BaseUi\BaseUi\jsbin\pan3d\engine\utils\AstarUtil.js
D:\github\sceneEdit\BaseUi\BaseUi\jsbin\pan3d\engine\utils\AstarUtil.js.map
D:\github\sceneEdit\BaseUi\BaseUi\jsbin\pan3d\engine\utils\BloodManager.js
D:\github\sceneEdit\BaseUi\BaseUi\jsbin\pan3d\engine\utils\BloodManager.js.map
D:\github\sceneEdit\BaseUi\BaseUi\jsbin\pan3d\engine\utils\ColorTransition.js
D:\github\sceneEdit\BaseUi\BaseUi\jsbin\pan3d\engine\utils\ColorTransition.js.map
D:\github\sceneEdit\BaseUi\BaseUi\jsbin\pan3d\engine\utils\curves\Curve.js
D:\github\sceneEdit\BaseUi\BaseUi\jsbin\pan3d\engine\utils\curves\Curve.js.map
D:\github\sceneEdit\BaseUi\BaseUi\jsbin\pan3d\engine\utils\GroupDataManager.js
D:\github\sceneEdit\BaseUi\BaseUi\jsbin\pan3d\engine\utils\GroupDataManager.js.map
D:\github\sceneEdit\BaseUi\BaseUi\jsbin\pan3d\engine\utils\KeyboardType.js
D:\github\sceneEdit\BaseUi\BaseUi\jsbin\pan3d\engine\utils\KeyboardType.js.map
D:\github\sceneEdit\BaseUi\BaseUi\jsbin\pan3d\engine\utils\KeyControl.js
D:\github\sceneEdit\BaseUi\BaseUi\jsbin\pan3d\engine\utils\KeyControl.js.map
D:\github\sceneEdit\BaseUi\BaseUi\jsbin\pan3d\engine\utils\LabelTextFont.js
D:\github\sceneEdit\BaseUi\BaseUi\jsbin\pan3d\engine\utils\LabelTextFont.js.map
D:\github\sceneEdit\BaseUi\BaseUi\jsbin\pan3d\engine\utils\LightProbeManager.js
D:\github\sceneEdit\BaseUi\BaseUi\jsbin\pan3d\engine\utils\LightProbeManager.js.map
D:\github\sceneEdit\BaseUi\BaseUi\jsbin\pan3d\engine\utils\LoadManager.js
D:\github\sceneEdit\BaseUi\BaseUi\jsbin\pan3d\engine\utils\LoadManager.js.map
D:\github\sceneEdit\BaseUi\BaseUi\jsbin\pan3d\engine\utils\MeshDataManager.js
D:\github\sceneEdit\BaseUi\BaseUi\jsbin\pan3d\engine\utils\MeshDataManager.js.map
D:\github\sceneEdit\BaseUi\BaseUi\jsbin\pan3d\engine\utils\ObjDataManager.js
D:\github\sceneEdit\BaseUi\BaseUi\jsbin\pan3d\engine\utils\ObjDataManager.js.map
D:\github\sceneEdit\BaseUi\BaseUi\jsbin\pan3d\engine\utils\res\BaseRes.js
D:\github\sceneEdit\BaseUi\BaseUi\jsbin\pan3d\engine\utils\res\BaseRes.js.map
D:\github\sceneEdit\BaseUi\BaseUi\jsbin\pan3d\engine\utils\res\GroupRes.js
D:\github\sceneEdit\BaseUi\BaseUi\jsbin\pan3d\engine\utils\res\GroupRes.js.map
D:\github\sceneEdit\BaseUi\BaseUi\jsbin\pan3d\engine\utils\res\ModelRes.js
D:\github\sceneEdit\BaseUi\BaseUi\jsbin\pan3d\engine\utils\res\ModelRes.js.map
D:\github\sceneEdit\BaseUi\BaseUi\jsbin\pan3d\engine\utils\res\ResManager.js
D:\github\sceneEdit\BaseUi\BaseUi\jsbin\pan3d\engine\utils\res\ResManager.js.map
D:\github\sceneEdit\BaseUi\BaseUi\jsbin\pan3d\engine\utils\res\RoleRes.js
D:\github\sceneEdit\BaseUi\BaseUi\jsbin\pan3d\engine\utils\res\RoleRes.js.map
D:\github\sceneEdit\BaseUi\BaseUi\jsbin\pan3d\engine\utils\res\RoleResLow.js
D:\github\sceneEdit\BaseUi\BaseUi\jsbin\pan3d\engine\utils\res\RoleResLow.js.map
D:\github\sceneEdit\BaseUi\BaseUi\jsbin\pan3d\engine\utils\res\SkillRes.js
D:\github\sceneEdit\BaseUi\BaseUi\jsbin\pan3d\engine\utils\res\SkillRes.js.map
D:\github\sceneEdit\BaseUi\BaseUi\jsbin\pan3d\engine\utils\shadow\Shadow.js
D:\github\sceneEdit\BaseUi\BaseUi\jsbin\pan3d\engine\utils\shadow\Shadow.js.map
D:\github\sceneEdit\BaseUi\BaseUi\jsbin\pan3d\engine\utils\shadow\ShadowManager.js
D:\github\sceneEdit\BaseUi\BaseUi\jsbin\pan3d\engine\utils\shadow\ShadowManager.js.map
D:\github\sceneEdit\BaseUi\BaseUi\jsbin\pan3d\engine\utils\SoundManager.js
D:\github\sceneEdit\BaseUi\BaseUi\jsbin\pan3d\engine\utils\SoundManager.js.map
D:\github\sceneEdit\BaseUi\BaseUi\jsbin\pan3d\engine\utils\TimeUtil.js
D:\github\sceneEdit\BaseUi\BaseUi\jsbin\pan3d\engine\utils\TimeUtil.js.map
D:\github\sceneEdit\BaseUi\BaseUi\jsbin\pan3d\engine\utils\Util.js
D:\github\sceneEdit\BaseUi\BaseUi\jsbin\pan3d\engine\utils\Util.js.map
D:\github\sceneEdit\BaseUi\BaseUi\jsbin\pan3d\engine\vo\collistion\CapsuleVo.js
D:\github\sceneEdit\BaseUi\BaseUi\jsbin\pan3d\engine\vo\collistion\CapsuleVo.js.map
D:\github\sceneEdit\BaseUi\BaseUi\jsbin\pan3d\engine\vo\collistion\CollisionVo.js
D:\github\sceneEdit\BaseUi\BaseUi\jsbin\pan3d\engine\vo\collistion\CollisionVo.js.map
D:\github\sceneEdit\BaseUi\BaseUi\jsbin\pan3d\engine\vo\LightVo.js
D:\github\sceneEdit\BaseUi\BaseUi\jsbin\pan3d\engine\vo\LightVo.js.map
D:\github\sceneEdit\BaseUi\BaseUi\jsbin\pan3d\engine\vo\skinanim\AnimData.js
D:\github\sceneEdit\BaseUi\BaseUi\jsbin\pan3d\engine\vo\skinanim\AnimData.js.map
D:\github\sceneEdit\BaseUi\BaseUi\jsbin\pan3d\engine\vo\skinanim\BoneSocketData.js
D:\github\sceneEdit\BaseUi\BaseUi\jsbin\pan3d\engine\vo\skinanim\BoneSocketData.js.map
D:\github\sceneEdit\BaseUi\BaseUi\jsbin\pan3d\engine\vo\skinanim\SkinMesh.js
D:\github\sceneEdit\BaseUi\BaseUi\jsbin\pan3d\engine\vo\skinanim\SkinMesh.js.map
D:\github\sceneEdit\BaseUi\BaseUi\jsbin\pan3d\engine\vo\TestCplus.js
D:\github\sceneEdit\BaseUi\BaseUi\jsbin\pan3d\engine\vo\TestCplus.js.map
D:\github\sceneEdit\BaseUi\BaseUi\jsbin\pan3d\mvcframe\Module.js
D:\github\sceneEdit\BaseUi\BaseUi\jsbin\pan3d\mvcframe\Module.js.map
D:\github\sceneEdit\BaseUi\BaseUi\jsbin\pan3d\mvcframe\ModuleEventManager.js
D:\github\sceneEdit\BaseUi\BaseUi\jsbin\pan3d\mvcframe\ModuleEventManager.js.map
D:\github\sceneEdit\BaseUi\BaseUi\jsbin\pan3d\mvcframe\Processor.js
D:\github\sceneEdit\BaseUi\BaseUi\jsbin\pan3d\mvcframe\Processor.js.map
D:\github\sceneEdit\BaseUi\BaseUi\jsbin\pan3d\UnitFunction.js
D:\github\sceneEdit\BaseUi\BaseUi\jsbin\pan3d\UnitFunction.js.map
D:\github\sceneEdit\BaseUi\BaseUi\jsbin\src\filemodel\Md5.js
D:\github\sceneEdit\BaseUi\BaseUi\jsbin\src\filemodel\Md5.js.map
D:\github\sceneEdit\BaseUi\BaseUi\jsbin\src\ModuleList.js
D:\github\sceneEdit\BaseUi\BaseUi\jsbin\src\ModuleList.js.map
D:\github\sceneEdit\BaseUi\BaseUi\jsbin\src\panel\rightmenu\ComboBoxMenuPanel.js
D:\github\sceneEdit\BaseUi\BaseUi\jsbin\src\panel\rightmenu\ComboBoxMenuPanel.js.map
D:\github\sceneEdit\BaseUi\BaseUi\jsbin\src\panel\rightmenu\RightMenuPanel.js
D:\github\sceneEdit\BaseUi\BaseUi\jsbin\src\panel\rightmenu\RightMenuPanel.js.map
D:\github\sceneEdit\BaseUi\BaseUi\jsbin\src\panel\rightmenu\RightMenuProcessor.js
D:\github\sceneEdit\BaseUi\BaseUi\jsbin\src\panel\rightmenu\RightMenuProcessor.js.map
D:\github\sceneEdit\BaseUi\BaseUi\jsbin\src\TextEditStart.js
D:\github\sceneEdit\BaseUi\BaseUi\jsbin\src\TextEditStart.js.map
D:\github\sceneEdit\BaseUi\BaseUi\jsbin\src\win\UIPanel.js
D:\github\sceneEdit\BaseUi\BaseUi\jsbin\src\win\UIPanel.js.map
