D:\github\sceneEdit\mizmain\feijishadow\feijishadow\jsbin\Game3dDemo.js
D:\github\sceneEdit\mizmain\feijishadow\feijishadow\jsbin\Game3dDemo.js.map
D:\github\sceneEdit\mizmain\feijishadow\feijishadow\jsbin\Game2dDemo.js
D:\github\sceneEdit\mizmain\feijishadow\feijishadow\jsbin\Game2dDemo.js.map
D:\github\sceneEdit\mizmain\feijishadow\feijishadow\jsbin\LayaLaunch.js
D:\github\sceneEdit\mizmain\feijishadow\feijishadow\jsbin\LayaLaunch.js.map
D:\github\sceneEdit\mizmain\feijishadow\feijishadow\jsbin\marmoset\Marmoset3dScene.js
D:\github\sceneEdit\mizmain\feijishadow\feijishadow\jsbin\marmoset\Marmoset3dScene.js.map
D:\github\sceneEdit\mizmain\feijishadow\feijishadow\jsbin\marmoset\MarmosetLaunch.js
D:\github\sceneEdit\mizmain\feijishadow\feijishadow\jsbin\marmoset\MarmosetLaunch.js.map
D:\github\sceneEdit\mizmain\feijishadow\feijishadow\jsbin\marmoset\MarmosetLightVo.js
D:\github\sceneEdit\mizmain\feijishadow\feijishadow\jsbin\marmoset\MarmosetLightVo.js.map
D:\github\sceneEdit\mizmain\feijishadow\feijishadow\jsbin\marmoset\MarmosetModel.js
D:\github\sceneEdit\mizmain\feijishadow\feijishadow\jsbin\marmoset\MarmosetModel.js.map
D:\github\sceneEdit\mizmain\feijishadow\feijishadow\jsbin\marmoset\Mars3Dmesh.js
D:\github\sceneEdit\mizmain\feijishadow\feijishadow\jsbin\marmoset\Mars3Dmesh.js.map
D:\github\sceneEdit\mizmain\feijishadow\feijishadow\jsbin\marmoset\PicShowDiplay3dSprite.js
D:\github\sceneEdit\mizmain\feijishadow\feijishadow\jsbin\marmoset\PicShowDiplay3dSprite.js.map
D:\github\sceneEdit\mizmain\feijishadow\feijishadow\jsbin\SceneLevel.js
D:\github\sceneEdit\mizmain\feijishadow\feijishadow\jsbin\SceneLevel.js.map
